

Microchip MPLAB XC8 Assembler V2.31 build 20201012212115 
                                                                                               Mon Aug 02 20:18:27 2021

Microchip MPLAB XC8 C Compiler v2.31 (Free license) build 20201012212115 Og1 
     1                           	processor	16F887
     2                           	pagewidth 120
     3                           	opt	flic
     4                           	psect	cinit,global,class=CODE,merge=1,delta=2
     5                           	psect	bssCOMMON,global,class=COMMON,space=1,delta=1,noexec
     6                           	psect	cstackCOMMON,global,class=COMMON,space=1,delta=1,noexec
     7                           	psect	cstackBANK0,global,class=BANK0,space=1,delta=1,noexec
     8                           	psect	maintext,global,class=CODE,split=1,delta=2
     9                           	psect	text1,local,class=CODE,merge=1,delta=2
    10                           	psect	text2,local,class=CODE,merge=1,delta=2
    11                           	psect	text3,local,class=CODE,merge=1,delta=2
    12                           	psect	text4,local,class=CODE,merge=1,delta=2
    13                           	psect	intentry,global,class=CODE,delta=2
    14                           	psect	text5,local,class=CODE,merge=1,delta=2
    15                           	psect	text6,local,class=CODE,merge=1,delta=2
    16                           	psect	text7,local,class=CODE,merge=1,delta=2
    17                           	psect	config,global,abs,ovrld,class=CONFIG,space=4,delta=2,noexec
    18                           	dabs	1,0x7E,2
    19  0000                     
    20                           ; Version 2.20
    21                           ; Generated 12/02/2020 GMT
    22                           ; 
    23                           ; Copyright © 2020, Microchip Technology Inc. and its subsidiaries ("Microchip")
    24                           ; All rights reserved.
    25                           ; 
    26                           ; This software is developed by Microchip Technology Inc. and its subsidiaries ("Microch
      +                          ip").
    27                           ; 
    28                           ; Redistribution and use in source and binary forms, with or without modification, are
    29                           ; permitted provided that the following conditions are met:
    30                           ; 
    31                           ;     1. Redistributions of source code must retain the above copyright notice, this lis
      +                          t of
    32                           ;        conditions and the following disclaimer.
    33                           ; 
    34                           ;     2. Redistributions in binary form must reproduce the above copyright notice, this 
      +                          list
    35                           ;        of conditions and the following disclaimer in the documentation and/or other
    36                           ;        materials provided with the distribution.
    37                           ; 
    38                           ;     3. Microchip's name may not be used to endorse or promote products derived from th
      +                          is
    39                           ;        software without specific prior written permission.
    40                           ; 
    41                           ; THIS SOFTWARE IS PROVIDED BY MICROCHIP "AS IS" AND ANY EXPRESS OR IMPLIED WARRANTIES,
    42                           ; INCLUDING, BUT NOT LIMITED TO, THE IMPLIED WARRANTIES OF MERCHANTABILITY AND FITNESS F
      +                          OR
    43                           ; PURPOSE ARE DISCLAIMED.  IN NO EVENT SHALL MICROCHIP BE LIABLE FOR ANY DIRECT, INDIREC
      +                          T,
    44                           ; INCIDENTAL, SPECIAL, EXEMPLARY, OR CONSEQUENTIAL DAMAGES (INCLUDING BUT NOT LIMITED TO
    45                           ; PROCUREMENT OF SUBSTITUTE GOODS OR SERVICES; LOSS OF USE, DATA OR PROFITS; OR BUSINESS
    46                           ; INTERRUPTION) HOWSOEVER CAUSED AND ON ANY THEORY OF LIABILITY, WHETHER IN CONTRACT, ST
      +                          RICT
    47                           ; LIABILITY, OR TORT (INCLUDING NEGLIGENCE OR OTHERWISE) ARISING IN ANY WAY OUT OF THE U
      +                          SE OF
    48                           ; THIS SOFTWARE, EVEN IF ADVISED OF THE POSSIBILITY OF SUCH DAMAGE.
    49                           ; 
    50                           ; 
    51                           ; Code-generator required, PIC16F887 Definitions
    52                           ; 
    53                           ; SFR Addresses
    54  0000                     	;# 
    55  0001                     	;# 
    56  0002                     	;# 
    57  0003                     	;# 
    58  0004                     	;# 
    59  0005                     	;# 
    60  0006                     	;# 
    61  0007                     	;# 
    62  0008                     	;# 
    63  0009                     	;# 
    64  000A                     	;# 
    65  000B                     	;# 
    66  000C                     	;# 
    67  000D                     	;# 
    68  000E                     	;# 
    69  000E                     	;# 
    70  000F                     	;# 
    71  0010                     	;# 
    72  0011                     	;# 
    73  0012                     	;# 
    74  0013                     	;# 
    75  0014                     	;# 
    76  0015                     	;# 
    77  0015                     	;# 
    78  0016                     	;# 
    79  0017                     	;# 
    80  0018                     	;# 
    81  0019                     	;# 
    82  001A                     	;# 
    83  001B                     	;# 
    84  001B                     	;# 
    85  001C                     	;# 
    86  001D                     	;# 
    87  001E                     	;# 
    88  001F                     	;# 
    89  0081                     	;# 
    90  0085                     	;# 
    91  0086                     	;# 
    92  0087                     	;# 
    93  0088                     	;# 
    94  0089                     	;# 
    95  008C                     	;# 
    96  008D                     	;# 
    97  008E                     	;# 
    98  008F                     	;# 
    99  0090                     	;# 
   100  0091                     	;# 
   101  0092                     	;# 
   102  0093                     	;# 
   103  0093                     	;# 
   104  0093                     	;# 
   105  0094                     	;# 
   106  0095                     	;# 
   107  0096                     	;# 
   108  0097                     	;# 
   109  0098                     	;# 
   110  0099                     	;# 
   111  009A                     	;# 
   112  009B                     	;# 
   113  009C                     	;# 
   114  009D                     	;# 
   115  009E                     	;# 
   116  009F                     	;# 
   117  0105                     	;# 
   118  0107                     	;# 
   119  0108                     	;# 
   120  0109                     	;# 
   121  010C                     	;# 
   122  010C                     	;# 
   123  010D                     	;# 
   124  010E                     	;# 
   125  010F                     	;# 
   126  0185                     	;# 
   127  0187                     	;# 
   128  0188                     	;# 
   129  0189                     	;# 
   130  018C                     	;# 
   131  018D                     	;# 
   132  0000                     	;# 
   133  0001                     	;# 
   134  0002                     	;# 
   135  0003                     	;# 
   136  0004                     	;# 
   137  0005                     	;# 
   138  0006                     	;# 
   139  0007                     	;# 
   140  0008                     	;# 
   141  0009                     	;# 
   142  000A                     	;# 
   143  000B                     	;# 
   144  000C                     	;# 
   145  000D                     	;# 
   146  000E                     	;# 
   147  000E                     	;# 
   148  000F                     	;# 
   149  0010                     	;# 
   150  0011                     	;# 
   151  0012                     	;# 
   152  0013                     	;# 
   153  0014                     	;# 
   154  0015                     	;# 
   155  0015                     	;# 
   156  0016                     	;# 
   157  0017                     	;# 
   158  0018                     	;# 
   159  0019                     	;# 
   160  001A                     	;# 
   161  001B                     	;# 
   162  001B                     	;# 
   163  001C                     	;# 
   164  001D                     	;# 
   165  001E                     	;# 
   166  001F                     	;# 
   167  0081                     	;# 
   168  0085                     	;# 
   169  0086                     	;# 
   170  0087                     	;# 
   171  0088                     	;# 
   172  0089                     	;# 
   173  008C                     	;# 
   174  008D                     	;# 
   175  008E                     	;# 
   176  008F                     	;# 
   177  0090                     	;# 
   178  0091                     	;# 
   179  0092                     	;# 
   180  0093                     	;# 
   181  0093                     	;# 
   182  0093                     	;# 
   183  0094                     	;# 
   184  0095                     	;# 
   185  0096                     	;# 
   186  0097                     	;# 
   187  0098                     	;# 
   188  0099                     	;# 
   189  009A                     	;# 
   190  009B                     	;# 
   191  009C                     	;# 
   192  009D                     	;# 
   193  009E                     	;# 
   194  009F                     	;# 
   195  0105                     	;# 
   196  0107                     	;# 
   197  0108                     	;# 
   198  0109                     	;# 
   199  010C                     	;# 
   200  010C                     	;# 
   201  010D                     	;# 
   202  010E                     	;# 
   203  010F                     	;# 
   204  0185                     	;# 
   205  0187                     	;# 
   206  0188                     	;# 
   207  0189                     	;# 
   208  018C                     	;# 
   209  018D                     	;# 
   210  0000                     	;# 
   211  0001                     	;# 
   212  0002                     	;# 
   213  0003                     	;# 
   214  0004                     	;# 
   215  0005                     	;# 
   216  0006                     	;# 
   217  0007                     	;# 
   218  0008                     	;# 
   219  0009                     	;# 
   220  000A                     	;# 
   221  000B                     	;# 
   222  000C                     	;# 
   223  000D                     	;# 
   224  000E                     	;# 
   225  000E                     	;# 
   226  000F                     	;# 
   227  0010                     	;# 
   228  0011                     	;# 
   229  0012                     	;# 
   230  0013                     	;# 
   231  0014                     	;# 
   232  0015                     	;# 
   233  0015                     	;# 
   234  0016                     	;# 
   235  0017                     	;# 
   236  0018                     	;# 
   237  0019                     	;# 
   238  001A                     	;# 
   239  001B                     	;# 
   240  001B                     	;# 
   241  001C                     	;# 
   242  001D                     	;# 
   243  001E                     	;# 
   244  001F                     	;# 
   245  0081                     	;# 
   246  0085                     	;# 
   247  0086                     	;# 
   248  0087                     	;# 
   249  0088                     	;# 
   250  0089                     	;# 
   251  008C                     	;# 
   252  008D                     	;# 
   253  008E                     	;# 
   254  008F                     	;# 
   255  0090                     	;# 
   256  0091                     	;# 
   257  0092                     	;# 
   258  0093                     	;# 
   259  0093                     	;# 
   260  0093                     	;# 
   261  0094                     	;# 
   262  0095                     	;# 
   263  0096                     	;# 
   264  0097                     	;# 
   265  0098                     	;# 
   266  0099                     	;# 
   267  009A                     	;# 
   268  009B                     	;# 
   269  009C                     	;# 
   270  009D                     	;# 
   271  009E                     	;# 
   272  009F                     	;# 
   273  0105                     	;# 
   274  0107                     	;# 
   275  0108                     	;# 
   276  0109                     	;# 
   277  010C                     	;# 
   278  010C                     	;# 
   279  010D                     	;# 
   280  010E                     	;# 
   281  010F                     	;# 
   282  0185                     	;# 
   283  0187                     	;# 
   284  0188                     	;# 
   285  0189                     	;# 
   286  018C                     	;# 
   287  018D                     	;# 
   288  0000                     	;# 
   289  0001                     	;# 
   290  0002                     	;# 
   291  0003                     	;# 
   292  0004                     	;# 
   293  0005                     	;# 
   294  0006                     	;# 
   295  0007                     	;# 
   296  0008                     	;# 
   297  0009                     	;# 
   298  000A                     	;# 
   299  000B                     	;# 
   300  000C                     	;# 
   301  000D                     	;# 
   302  000E                     	;# 
   303  000E                     	;# 
   304  000F                     	;# 
   305  0010                     	;# 
   306  0011                     	;# 
   307  0012                     	;# 
   308  0013                     	;# 
   309  0014                     	;# 
   310  0015                     	;# 
   311  0015                     	;# 
   312  0016                     	;# 
   313  0017                     	;# 
   314  0018                     	;# 
   315  0019                     	;# 
   316  001A                     	;# 
   317  001B                     	;# 
   318  001B                     	;# 
   319  001C                     	;# 
   320  001D                     	;# 
   321  001E                     	;# 
   322  001F                     	;# 
   323  0081                     	;# 
   324  0085                     	;# 
   325  0086                     	;# 
   326  0087                     	;# 
   327  0088                     	;# 
   328  0089                     	;# 
   329  008C                     	;# 
   330  008D                     	;# 
   331  008E                     	;# 
   332  008F                     	;# 
   333  0090                     	;# 
   334  0091                     	;# 
   335  0092                     	;# 
   336  0093                     	;# 
   337  0093                     	;# 
   338  0093                     	;# 
   339  0094                     	;# 
   340  0095                     	;# 
   341  0096                     	;# 
   342  0097                     	;# 
   343  0098                     	;# 
   344  0099                     	;# 
   345  009A                     	;# 
   346  009B                     	;# 
   347  009C                     	;# 
   348  009D                     	;# 
   349  009E                     	;# 
   350  009F                     	;# 
   351  0105                     	;# 
   352  0107                     	;# 
   353  0108                     	;# 
   354  0109                     	;# 
   355  010C                     	;# 
   356  010C                     	;# 
   357  010D                     	;# 
   358  010E                     	;# 
   359  010F                     	;# 
   360  0185                     	;# 
   361  0187                     	;# 
   362  0188                     	;# 
   363  0189                     	;# 
   364  018C                     	;# 
   365  018D                     	;# 
   366  0009                     _PORTE	set	9
   367  0008                     _PORTD	set	8
   368  0007                     _PORTC	set	7
   369  0006                     _PORTB	set	6
   370  0005                     _PORTA	set	5
   371  000C                     _PIR1bits	set	12
   372  000B                     _INTCONbits	set	11
   373  001E                     _ADRESH	set	30
   374  001F                     _ADCON0bits	set	31
   375  0013                     _SSPBUF	set	19
   376  0014                     _SSPCON	set	20
   377  0063                     _SSPIF	set	99
   378  0066                     _ADIF	set	102
   379  008C                     _PIE1bits	set	140
   380  0086                     _TRISB	set	134
   381  0085                     _TRISAbits	set	133
   382  009F                     _ADCON1bits	set	159
   383  0094                     _SSPSTATbits	set	148
   384  0094                     _SSPSTAT	set	148
   385  043B                     _TRISC3	set	1083
   386  043D                     _TRISC5	set	1085
   387  0188                     _ANSEL	set	392
   388                           
   389                           	psect	cinit
   390  000F                     start_initialization:	
   391                           ; #config settings
   392                           
   393  000F                     __initialization:
   394                           
   395                           ; Clear objects allocated to COMMON
   396  000F  01F6               	clrf	__pbssCOMMON& (0+127)
   397  0010  01F7               	clrf	(__pbssCOMMON+1)& (0+127)
   398  0011  01F8               	clrf	(__pbssCOMMON+2)& (0+127)
   399  0012  01F9               	clrf	(__pbssCOMMON+3)& (0+127)
   400  0013                     end_of_initialization:	
   401                           ;End of C runtime variable initialization code
   402                           
   403  0013                     __end_of__initialization:
   404  0013  0183               	clrf	3
   405  0014  120A  118A  2911   	ljmp	_main	;jump to C main() function
   406                           
   407                           	psect	bssCOMMON
   408  0076                     __pbssCOMMON:
   409  0076                     _temporal2:
   410  0076                     	ds	1
   411  0077                     _temporal1:
   412  0077                     	ds	1
   413  0078                     _voltaje2:
   414  0078                     	ds	1
   415  0079                     _voltaje1:
   416  0079                     	ds	1
   417                           
   418                           	psect	cstackCOMMON
   419  0070                     __pcstackCOMMON:
   420  0070                     ?_setup:
   421  0070                     ?_spiReceiveWait:	
   422                           ; 1 bytes @ 0x0
   423                           
   424  0070                     ??_spiReceiveWait:	
   425                           ; 1 bytes @ 0x0
   426                           
   427  0070                     ?_spiWrite:	
   428                           ; 1 bytes @ 0x0
   429                           
   430  0070                     ??_spiWrite:	
   431                           ; 1 bytes @ 0x0
   432                           
   433  0070                     ?_spiRead:	
   434                           ; 1 bytes @ 0x0
   435                           
   436  0070                     ??_spiRead:	
   437                           ; 1 bytes @ 0x0
   438                           
   439  0070                     ?_config_ADC:	
   440                           ; 1 bytes @ 0x0
   441                           
   442  0070                     ?_isr:	
   443                           ; 1 bytes @ 0x0
   444                           
   445  0070                     ?_main:	
   446                           ; 1 bytes @ 0x0
   447                           
   448  0070                     spiWrite@dat:	
   449                           ; 1 bytes @ 0x0
   450                           
   451                           
   452                           ; 1 bytes @ 0x0
   453  0070                     	ds	1
   454  0071                     ??_isr:
   455                           
   456                           ; 1 bytes @ 0x1
   457  0071                     	ds	3
   458  0074                     ??_spiInit:
   459  0074                     ??_config_ADC:	
   460                           ; 1 bytes @ 0x4
   461                           
   462  0074                     spiInit@sType:	
   463                           ; 1 bytes @ 0x4
   464                           
   465                           
   466                           ; 1 bytes @ 0x4
   467  0074                     	ds	2
   468  0076                     ??_setup:
   469                           
   470                           	psect	cstackBANK0
   471  0020                     __pcstackBANK0:	
   472                           ; 1 bytes @ 0x6
   473                           
   474  0020                     ?_spiInit:
   475  0020                     spiInit@sDataSample:	
   476                           ; 1 bytes @ 0x0
   477                           
   478  0020                     config_ADC@frec:	
   479                           ; 1 bytes @ 0x0
   480                           
   481                           
   482                           ; 1 bytes @ 0x0
   483  0020                     	ds	1
   484  0021                     spiInit@sClockIdle:
   485                           
   486                           ; 1 bytes @ 0x1
   487  0021                     	ds	1
   488  0022                     spiInit@sTransmitEdge:
   489                           
   490                           ; 1 bytes @ 0x2
   491  0022                     	ds	1
   492  0023                     ??_main:
   493                           
   494                           ; 1 bytes @ 0x3
   495  0023                     	ds	1
   496                           
   497                           	psect	maintext
   498  0111                     __pmaintext:	
   499 ;;
   500 ;;Main: autosize = 0, tempsize = 1, incstack = 0, save=0
   501 ;;
   502 ;; *************** function _main *****************
   503 ;; Defined at:
   504 ;;		line 90 in file "slave03.c"
   505 ;; Parameters:    Size  Location     Type
   506 ;;		None
   507 ;; Auto vars:     Size  Location     Type
   508 ;;		None
   509 ;; Return value:  Size  Location     Type
   510 ;;                  1    wreg      void 
   511 ;; Registers used:
   512 ;;		wreg, fsr0l, fsr0h, status,2, status,0, pclath, cstack
   513 ;; Tracked objects:
   514 ;;		On entry : B00/0
   515 ;;		On exit  : 0/0
   516 ;;		Unchanged: 0/0
   517 ;; Data sizes:     COMMON   BANK0   BANK1   BANK3   BANK2
   518 ;;      Params:         0       0       0       0       0
   519 ;;      Locals:         0       0       0       0       0
   520 ;;      Temps:          0       1       0       0       0
   521 ;;      Totals:         0       1       0       0       0
   522 ;;Total ram usage:        1 bytes
   523 ;; Hardware stack levels required when called:    5
   524 ;; This function calls:
   525 ;;		_setup
   526 ;; This function is called by:
   527 ;;		Startup code after reset
   528 ;; This function uses a non-reentrant model
   529 ;;
   530                           
   531                           
   532                           ;psect for function _main
   533  0111                     _main:
   534  0111                     l1089:	
   535                           ;incstack = 0
   536                           ; Regs used in _main: [wreg-fsr0h+status,2+status,0+pclath+cstack]
   537                           
   538  0111  120A  118A  20C8  120A  118A  	fcall	_setup
   539  0116                     l1091:
   540  0116  1283               	bcf	3,5	;RP0=0, select bank0
   541  0117  1303               	bcf	3,6	;RP1=0, select bank0
   542  0118  189F               	btfsc	31,1	;volatile
   543  0119  291B               	goto	u111
   544  011A  291C               	goto	u110
   545  011B                     u111:
   546  011B  2916               	goto	l1091
   547  011C                     u110:
   548  011C                     l1093:
   549  011C  3020               	movlw	32
   550  011D  1283               	bcf	3,5	;RP0=0, select bank0
   551  011E  1303               	bcf	3,6	;RP1=0, select bank0
   552  011F  00A3               	movwf	??_main
   553  0120                     u127:
   554  0120  0BA3               	decfsz	??_main,f
   555  0121  2920               	goto	u127
   556  0122  0000               	nop
   557  0123                     l1095:
   558  0123  1283               	bcf	3,5	;RP0=0, select bank0
   559  0124  1303               	bcf	3,6	;RP1=0, select bank0
   560  0125  149F               	bsf	31,1	;volatile
   561  0126  2916               	goto	l1091
   562  0127  120A  118A  280C   	ljmp	start
   563  012A                     __end_of_main:
   564                           
   565                           	psect	text1
   566  00C8                     __ptext1:	
   567 ;; *************** function _setup *****************
   568 ;; Defined at:
   569 ;;		line 113 in file "slave03.c"
   570 ;; Parameters:    Size  Location     Type
   571 ;;		None
   572 ;; Auto vars:     Size  Location     Type
   573 ;;		None
   574 ;; Return value:  Size  Location     Type
   575 ;;                  1    wreg      void 
   576 ;; Registers used:
   577 ;;		wreg, fsr0l, fsr0h, status,2, status,0, pclath, cstack
   578 ;; Tracked objects:
   579 ;;		On entry : 0/0
   580 ;;		On exit  : 0/0
   581 ;;		Unchanged: 0/0
   582 ;; Data sizes:     COMMON   BANK0   BANK1   BANK3   BANK2
   583 ;;      Params:         0       0       0       0       0
   584 ;;      Locals:         0       0       0       0       0
   585 ;;      Temps:          0       0       0       0       0
   586 ;;      Totals:         0       0       0       0       0
   587 ;;Total ram usage:        0 bytes
   588 ;; Hardware stack levels used:    1
   589 ;; Hardware stack levels required when called:    4
   590 ;; This function calls:
   591 ;;		_config_ADC
   592 ;;		_spiInit
   593 ;; This function is called by:
   594 ;;		_main
   595 ;; This function uses a non-reentrant model
   596 ;;
   597                           
   598                           
   599                           ;psect for function _setup
   600  00C8                     _setup:
   601  00C8                     l1055:	
   602                           ;incstack = 0
   603                           ; Regs used in _setup: [wreg-fsr0h+status,2+status,0+pclath+cstack]
   604                           
   605                           
   606                           ;slave03.c: 115:     ANSEL = 0b00000011;
   607  00C8  3003               	movlw	3
   608  00C9  1683               	bsf	3,5	;RP0=1, select bank3
   609  00CA  1703               	bsf	3,6	;RP1=1, select bank3
   610  00CB  0088               	movwf	8	;volatile
   611  00CC                     l1057:
   612                           
   613                           ;slave03.c: 116:     TRISAbits.TRISA0 = 1;
   614  00CC  1683               	bsf	3,5	;RP0=1, select bank1
   615  00CD  1303               	bcf	3,6	;RP1=0, select bank1
   616  00CE  1405               	bsf	5,0	;volatile
   617  00CF                     l1059:
   618                           
   619                           ;slave03.c: 117:     TRISAbits.TRISA1 = 1;
   620  00CF  1485               	bsf	5,1	;volatile
   621  00D0                     l1061:
   622                           
   623                           ;slave03.c: 118:     TRISB = 0X00;
   624  00D0  0186               	clrf	6	;volatile
   625  00D1                     l1063:
   626                           
   627                           ;slave03.c: 121:     INTCONbits.GIE = 1;
   628  00D1  178B               	bsf	11,7	;volatile
   629  00D2                     l1065:
   630                           
   631                           ;slave03.c: 122:     INTCONbits.PEIE = 1;
   632  00D2  170B               	bsf	11,6	;volatile
   633  00D3                     l1067:
   634                           
   635                           ;slave03.c: 123:     PIR1bits.SSPIF = 0;
   636  00D3  1283               	bcf	3,5	;RP0=0, select bank0
   637  00D4  1303               	bcf	3,6	;RP1=0, select bank0
   638  00D5  118C               	bcf	12,3	;volatile
   639  00D6                     l1069:
   640                           
   641                           ;slave03.c: 124:     PIE1bits.SSPIE = 1;
   642  00D6  1683               	bsf	3,5	;RP0=1, select bank1
   643  00D7  1303               	bcf	3,6	;RP1=0, select bank1
   644  00D8  158C               	bsf	12,3	;volatile
   645  00D9                     l1071:
   646                           
   647                           ;slave03.c: 125:     TRISAbits.TRISA5 = 1;
   648  00D9  1685               	bsf	5,5	;volatile
   649  00DA                     l1073:
   650                           
   651                           ;slave03.c: 127:     spiInit(SPI_SLAVE_SS_EN, SPI_DATA_SAMPLE_MIDDLE, SPI_CLOCK_IDLE_LOW
      +                          ,
   652  00DA  1283               	bcf	3,5	;RP0=0, select bank0
   653  00DB  1303               	bcf	3,6	;RP1=0, select bank0
   654  00DC  01A0               	clrf	spiInit@sDataSample
   655  00DD  01A1               	clrf	spiInit@sClockIdle
   656  00DE  01A2               	clrf	spiInit@sTransmitEdge
   657  00DF  3024               	movlw	36
   658  00E0  120A  118A  20F3  120A  118A  	fcall	_spiInit
   659  00E5                     l1075:
   660                           
   661                           ;slave03.c: 137:       config_ADC(1);
   662  00E5  3001               	movlw	1
   663  00E6  120A  118A  2017  120A  118A  	fcall	_config_ADC
   664  00EB                     l1077:
   665                           
   666                           ;slave03.c: 153:     PORTA = 0x00;
   667  00EB  1283               	bcf	3,5	;RP0=0, select bank0
   668  00EC  1303               	bcf	3,6	;RP1=0, select bank0
   669  00ED  0185               	clrf	5	;volatile
   670  00EE                     l1079:
   671                           
   672                           ;slave03.c: 154:     PORTB = 0x00;
   673  00EE  0186               	clrf	6	;volatile
   674  00EF                     l1081:
   675                           
   676                           ;slave03.c: 155:     PORTC = 0x00;
   677  00EF  0187               	clrf	7	;volatile
   678  00F0                     l1083:
   679                           
   680                           ;slave03.c: 156:     PORTD = 0x00;
   681  00F0  0188               	clrf	8	;volatile
   682  00F1                     l1085:
   683                           
   684                           ;slave03.c: 157:     PORTE = 0x00;
   685  00F1  0189               	clrf	9	;volatile
   686  00F2                     l121:
   687  00F2  0008               	return
   688  00F3                     __end_of_setup:
   689                           
   690                           	psect	text2
   691  00F3                     __ptext2:	
   692 ;; *************** function _spiInit *****************
   693 ;; Defined at:
   694 ;;		line 12 in file "SPI.c"
   695 ;; Parameters:    Size  Location     Type
   696 ;;  sType           1    wreg     enum E1264
   697 ;;  sDataSample     1    0[BANK0 ] enum E1272
   698 ;;  sClockIdle      1    1[BANK0 ] enum E1276
   699 ;;  sTransmitEdg    1    2[BANK0 ] enum E1280
   700 ;; Auto vars:     Size  Location     Type
   701 ;;  sType           1    4[COMMON] enum E1264
   702 ;; Return value:  Size  Location     Type
   703 ;;                  1    wreg      void 
   704 ;; Registers used:
   705 ;;		wreg, status,2, status,0
   706 ;; Tracked objects:
   707 ;;		On entry : 0/0
   708 ;;		On exit  : 0/0
   709 ;;		Unchanged: 0/0
   710 ;; Data sizes:     COMMON   BANK0   BANK1   BANK3   BANK2
   711 ;;      Params:         0       3       0       0       0
   712 ;;      Locals:         1       0       0       0       0
   713 ;;      Temps:          0       0       0       0       0
   714 ;;      Totals:         1       3       0       0       0
   715 ;;Total ram usage:        4 bytes
   716 ;; Hardware stack levels used:    1
   717 ;; Hardware stack levels required when called:    3
   718 ;; This function calls:
   719 ;;		Nothing
   720 ;; This function is called by:
   721 ;;		_setup
   722 ;; This function uses a non-reentrant model
   723 ;;
   724                           
   725                           
   726                           ;psect for function _spiInit
   727  00F3                     _spiInit:
   728                           
   729                           ;incstack = 0
   730                           ; Regs used in _spiInit: [wreg+status,2+status,0]
   731                           ;spiInit@sType stored from wreg
   732  00F3  00F4               	movwf	spiInit@sType
   733  00F4                     l969:
   734                           
   735                           ;SPI.c: 12: void spiInit(Spi_Type sType, Spi_Data_Sample sDataSample, Spi_Clock_Idle sCl
      +                          ockIdle, Spi_Transmit_Edge sTransmitEdge);SPI.c: 13: {;SPI.c: 14:     TRISC5 = 0;
   736  00F4  1683               	bsf	3,5	;RP0=1, select bank1
   737  00F5  1303               	bcf	3,6	;RP1=0, select bank1
   738  00F6  1287               	bcf	7,5	;volatile
   739                           
   740                           ;SPI.c: 15:     if(sType & 0b00000100)
   741  00F7  1D74               	btfss	spiInit@sType,2
   742  00F8  28FA               	goto	u101
   743  00F9  28FB               	goto	u100
   744  00FA                     u101:
   745  00FA  2903               	goto	l975
   746  00FB                     u100:
   747  00FB                     l971:
   748                           
   749                           ;SPI.c: 16:     {;SPI.c: 17:         SSPSTAT = sTransmitEdge;
   750  00FB  1283               	bcf	3,5	;RP0=0, select bank0
   751  00FC  1303               	bcf	3,6	;RP1=0, select bank0
   752  00FD  0822               	movf	spiInit@sTransmitEdge,w
   753  00FE  1683               	bsf	3,5	;RP0=1, select bank1
   754  00FF  1303               	bcf	3,6	;RP1=0, select bank1
   755  0100  0094               	movwf	20	;volatile
   756  0101                     l973:
   757                           
   758                           ;SPI.c: 18:         TRISC3 = 1;
   759  0101  1587               	bsf	7,3	;volatile
   760                           
   761                           ;SPI.c: 19:     }
   762  0102  290B               	goto	l16
   763  0103                     l975:
   764                           
   765                           ;SPI.c: 21:     {;SPI.c: 22:         SSPSTAT = sDataSample | sTransmitEdge;
   766  0103  1283               	bcf	3,5	;RP0=0, select bank0
   767  0104  1303               	bcf	3,6	;RP1=0, select bank0
   768  0105  0820               	movf	spiInit@sDataSample,w
   769  0106  0422               	iorwf	spiInit@sTransmitEdge,w
   770  0107  1683               	bsf	3,5	;RP0=1, select bank1
   771  0108  1303               	bcf	3,6	;RP1=0, select bank1
   772  0109  0094               	movwf	20	;volatile
   773  010A                     l977:
   774                           
   775                           ;SPI.c: 23:         TRISC3 = 0;
   776  010A  1187               	bcf	7,3	;volatile
   777  010B                     l16:	
   778                           ;SPI.c: 24:     }
   779                           
   780                           
   781                           ;SPI.c: 26:     SSPCON = sType | sClockIdle;
   782  010B  0874               	movf	spiInit@sType,w
   783  010C  1283               	bcf	3,5	;RP0=0, select bank0
   784  010D  1303               	bcf	3,6	;RP1=0, select bank0
   785  010E  0421               	iorwf	spiInit@sClockIdle,w
   786  010F  0094               	movwf	20	;volatile
   787  0110                     l17:
   788  0110  0008               	return
   789  0111                     __end_of_spiInit:
   790                           
   791                           	psect	text3
   792  0017                     __ptext3:	
   793 ;; *************** function _config_ADC *****************
   794 ;; Defined at:
   795 ;;		line 15 in file "config_ADC.c"
   796 ;; Parameters:    Size  Location     Type
   797 ;;  frec            1    wreg     unsigned char 
   798 ;; Auto vars:     Size  Location     Type
   799 ;;  frec            1    0[BANK0 ] unsigned char 
   800 ;; Return value:  Size  Location     Type
   801 ;;                  1    wreg      void 
   802 ;; Registers used:
   803 ;;		wreg, fsr0l, fsr0h, status,2, status,0
   804 ;; Tracked objects:
   805 ;;		On entry : 0/0
   806 ;;		On exit  : 0/0
   807 ;;		Unchanged: 0/0
   808 ;; Data sizes:     COMMON   BANK0   BANK1   BANK3   BANK2
   809 ;;      Params:         0       0       0       0       0
   810 ;;      Locals:         0       1       0       0       0
   811 ;;      Temps:          2       0       0       0       0
   812 ;;      Totals:         2       1       0       0       0
   813 ;;Total ram usage:        3 bytes
   814 ;; Hardware stack levels used:    1
   815 ;; Hardware stack levels required when called:    3
   816 ;; This function calls:
   817 ;;		Nothing
   818 ;; This function is called by:
   819 ;;		_setup
   820 ;; This function uses a non-reentrant model
   821 ;;
   822                           
   823                           
   824                           ;psect for function _config_ADC
   825  0017                     _config_ADC:
   826                           
   827                           ;incstack = 0
   828                           ; Regs used in _config_ADC: [wreg-fsr0h+status,2+status,0]
   829                           ;config_ADC@frec stored from wreg
   830  0017  1283               	bcf	3,5	;RP0=0, select bank0
   831  0018  1303               	bcf	3,6	;RP1=0, select bank0
   832  0019  00A0               	movwf	config_ADC@frec
   833  001A                     l979:
   834                           
   835                           ;config_ADC.c: 16:     switch(frec){
   836  001A  285F               	goto	l1047
   837  001B                     l981:
   838                           
   839                           ;config_ADC.c: 18:             ADCON0bits.CHS = 0;
   840  001B  30C3               	movlw	-61
   841  001C  059F               	andwf	31,f	;volatile
   842  001D                     l983:
   843                           
   844                           ;config_ADC.c: 19:             _delay((unsigned long)((100)*(4000000/4000000.0)));
   845  001D  3021               	movlw	33
   846  001E  00F4               	movwf	??_config_ADC
   847  001F                     u137:
   848  001F  0BF4               	decfsz	??_config_ADC,f
   849  0020  281F               	goto	u137
   850  0021                     l985:
   851                           
   852                           ;config_ADC.c: 21:             ADCON0bits.ADCS0 = 0;
   853  0021  1283               	bcf	3,5	;RP0=0, select bank0
   854  0022  1303               	bcf	3,6	;RP1=0, select bank0
   855  0023  131F               	bcf	31,6	;volatile
   856  0024                     l987:
   857                           
   858                           ;config_ADC.c: 22:             ADCON0bits.ADCS1 = 0;
   859  0024  139F               	bcf	31,7	;volatile
   860  0025                     l989:
   861                           
   862                           ;config_ADC.c: 23:             ADCON0bits.ADON = 1;
   863  0025  141F               	bsf	31,0	;volatile
   864  0026                     l991:
   865                           
   866                           ;config_ADC.c: 24:             ADCON1bits.ADFM = 0;
   867  0026  1683               	bsf	3,5	;RP0=1, select bank1
   868  0027  1303               	bcf	3,6	;RP1=0, select bank1
   869  0028  139F               	bcf	31,7	;volatile
   870  0029                     l993:
   871                           
   872                           ;config_ADC.c: 25:             ADCON1bits.VCFG1 = 0;
   873  0029  129F               	bcf	31,5	;volatile
   874  002A                     l995:
   875                           
   876                           ;config_ADC.c: 26:             ADCON1bits.VCFG0 = 0;
   877  002A  121F               	bcf	31,4	;volatile
   878                           
   879                           ;config_ADC.c: 27:             break;
   880  002B  2875               	goto	l49
   881  002C                     l997:
   882                           
   883                           ;config_ADC.c: 29:             ADCON0bits.CHS = 0;
   884  002C  30C3               	movlw	-61
   885  002D  059F               	andwf	31,f	;volatile
   886  002E                     l999:
   887                           
   888                           ;config_ADC.c: 30:             _delay((unsigned long)((100)*(4000000/4000000.0)));
   889  002E  3021               	movlw	33
   890  002F  00F4               	movwf	??_config_ADC
   891  0030                     u147:
   892  0030  0BF4               	decfsz	??_config_ADC,f
   893  0031  2830               	goto	u147
   894  0032                     l1001:
   895                           
   896                           ;config_ADC.c: 32:             ADCON0bits.ADCS0 = 1;
   897  0032  1283               	bcf	3,5	;RP0=0, select bank0
   898  0033  1303               	bcf	3,6	;RP1=0, select bank0
   899  0034  171F               	bsf	31,6	;volatile
   900  0035                     l1003:
   901                           
   902                           ;config_ADC.c: 33:             ADCON0bits.ADCS1 = 0;
   903  0035  139F               	bcf	31,7	;volatile
   904  0036                     l1005:
   905                           
   906                           ;config_ADC.c: 34:             ADCON0bits.ADON = 1;
   907  0036  141F               	bsf	31,0	;volatile
   908  0037                     l1007:
   909                           
   910                           ;config_ADC.c: 35:             ADCON1bits.ADFM = 0;
   911  0037  1683               	bsf	3,5	;RP0=1, select bank1
   912  0038  1303               	bcf	3,6	;RP1=0, select bank1
   913  0039  139F               	bcf	31,7	;volatile
   914  003A                     l1009:
   915                           
   916                           ;config_ADC.c: 36:             ADCON1bits.VCFG1 = 0;
   917  003A  129F               	bcf	31,5	;volatile
   918  003B                     l1011:
   919                           
   920                           ;config_ADC.c: 37:             ADCON1bits.VCFG0 = 0;
   921  003B  121F               	bcf	31,4	;volatile
   922                           
   923                           ;config_ADC.c: 38:             break;
   924  003C  2875               	goto	l49
   925  003D                     l1013:
   926                           
   927                           ;config_ADC.c: 40:             ADCON0bits.CHS = 0;
   928  003D  30C3               	movlw	-61
   929  003E  059F               	andwf	31,f	;volatile
   930  003F                     l1015:
   931                           
   932                           ;config_ADC.c: 41:             _delay((unsigned long)((100)*(4000000/4000000.0)));
   933  003F  3021               	movlw	33
   934  0040  00F4               	movwf	??_config_ADC
   935  0041                     u157:
   936  0041  0BF4               	decfsz	??_config_ADC,f
   937  0042  2841               	goto	u157
   938  0043                     l1017:
   939                           
   940                           ;config_ADC.c: 43:             ADCON0bits.ADCS0 = 0;
   941  0043  1283               	bcf	3,5	;RP0=0, select bank0
   942  0044  1303               	bcf	3,6	;RP1=0, select bank0
   943  0045  131F               	bcf	31,6	;volatile
   944  0046                     l1019:
   945                           
   946                           ;config_ADC.c: 44:             ADCON0bits.ADCS1 = 1;
   947  0046  179F               	bsf	31,7	;volatile
   948  0047                     l1021:
   949                           
   950                           ;config_ADC.c: 45:             ADCON0bits.ADON = 1;
   951  0047  141F               	bsf	31,0	;volatile
   952  0048                     l1023:
   953                           
   954                           ;config_ADC.c: 46:             ADCON1bits.ADFM = 0;
   955  0048  1683               	bsf	3,5	;RP0=1, select bank1
   956  0049  1303               	bcf	3,6	;RP1=0, select bank1
   957  004A  139F               	bcf	31,7	;volatile
   958  004B                     l1025:
   959                           
   960                           ;config_ADC.c: 47:             ADCON1bits.VCFG1 = 0;
   961  004B  129F               	bcf	31,5	;volatile
   962  004C                     l1027:
   963                           
   964                           ;config_ADC.c: 48:             ADCON1bits.VCFG0 = 0;
   965  004C  121F               	bcf	31,4	;volatile
   966                           
   967                           ;config_ADC.c: 49:             break;
   968  004D  2875               	goto	l49
   969  004E                     l1029:
   970                           
   971                           ;config_ADC.c: 51:             ADCON0bits.CHS = 0;
   972  004E  30C3               	movlw	-61
   973  004F  059F               	andwf	31,f	;volatile
   974  0050                     l1031:
   975                           
   976                           ;config_ADC.c: 52:             _delay((unsigned long)((100)*(4000000/4000000.0)));
   977  0050  3021               	movlw	33
   978  0051  00F4               	movwf	??_config_ADC
   979  0052                     u167:
   980  0052  0BF4               	decfsz	??_config_ADC,f
   981  0053  2852               	goto	u167
   982  0054                     l1033:
   983                           
   984                           ;config_ADC.c: 54:             ADCON0bits.ADCS0 = 1;
   985  0054  1283               	bcf	3,5	;RP0=0, select bank0
   986  0055  1303               	bcf	3,6	;RP1=0, select bank0
   987  0056  171F               	bsf	31,6	;volatile
   988  0057                     l1035:
   989                           
   990                           ;config_ADC.c: 55:             ADCON0bits.ADCS1 = 1;
   991  0057  179F               	bsf	31,7	;volatile
   992  0058                     l1037:
   993                           
   994                           ;config_ADC.c: 56:             ADCON0bits.ADON = 1;
   995  0058  141F               	bsf	31,0	;volatile
   996  0059                     l1039:
   997                           
   998                           ;config_ADC.c: 57:             ADCON1bits.ADFM = 0;
   999  0059  1683               	bsf	3,5	;RP0=1, select bank1
  1000  005A  1303               	bcf	3,6	;RP1=0, select bank1
  1001  005B  139F               	bcf	31,7	;volatile
  1002  005C                     l1041:
  1003                           
  1004                           ;config_ADC.c: 58:             ADCON1bits.VCFG1 = 0;
  1005  005C  129F               	bcf	31,5	;volatile
  1006  005D                     l1043:
  1007                           
  1008                           ;config_ADC.c: 59:             ADCON1bits.VCFG0 = 0;
  1009  005D  121F               	bcf	31,4	;volatile
  1010                           
  1011                           ;config_ADC.c: 60:             break;
  1012  005E  2875               	goto	l49
  1013  005F                     l1047:
  1014  005F  0820               	movf	config_ADC@frec,w
  1015  0060  00F4               	movwf	??_config_ADC
  1016  0061  01F5               	clrf	??_config_ADC+1
  1017                           
  1018                           ; Switch on 2 bytes has been partitioned into a top level switch of size 1, and 1 sub-sw
      +                          itches
  1019                           ; Switch size 1, requested type "simple"
  1020                           ; Number of cases is 1, Range of values is 0 to 0
  1021                           ; switch strategies available:
  1022                           ; Name         Instructions Cycles
  1023                           ; simple_byte            4     3 (average)
  1024                           ; direct_byte           11     8 (fixed)
  1025                           ; jumptable            260     6 (fixed)
  1026                           ;	Chosen strategy is simple_byte
  1027  0062  0875               	movf	??_config_ADC+1,w
  1028  0063  3A00               	xorlw	0	; case 0
  1029  0064  1903               	skipnz
  1030  0065  2867               	goto	l1127
  1031  0066  2875               	goto	l49
  1032  0067                     l1127:
  1033                           
  1034                           ; Switch size 1, requested type "simple"
  1035                           ; Number of cases is 4, Range of values is 0 to 3
  1036                           ; switch strategies available:
  1037                           ; Name         Instructions Cycles
  1038                           ; simple_byte           13     7 (average)
  1039                           ; direct_byte           20     8 (fixed)
  1040                           ; jumptable            260     6 (fixed)
  1041                           ;	Chosen strategy is simple_byte
  1042  0067  0874               	movf	??_config_ADC,w
  1043  0068  3A00               	xorlw	0	; case 0
  1044  0069  1903               	skipnz
  1045  006A  281B               	goto	l981
  1046  006B  3A01               	xorlw	1	; case 1
  1047  006C  1903               	skipnz
  1048  006D  282C               	goto	l997
  1049  006E  3A03               	xorlw	3	; case 2
  1050  006F  1903               	skipnz
  1051  0070  283D               	goto	l1013
  1052  0071  3A01               	xorlw	1	; case 3
  1053  0072  1903               	skipnz
  1054  0073  284E               	goto	l1029
  1055  0074  2875               	goto	l49
  1056  0075                     l49:
  1057  0075  0008               	return
  1058  0076                     __end_of_config_ADC:
  1059                           
  1060                           	psect	text4
  1061  0076                     __ptext4:	
  1062 ;; *************** function _isr *****************
  1063 ;; Defined at:
  1064 ;;		line 60 in file "slave03.c"
  1065 ;; Parameters:    Size  Location     Type
  1066 ;;		None
  1067 ;; Auto vars:     Size  Location     Type
  1068 ;;		None
  1069 ;; Return value:  Size  Location     Type
  1070 ;;                  1    wreg      void 
  1071 ;; Registers used:
  1072 ;;		wreg, status,2, status,0, pclath, cstack
  1073 ;; Tracked objects:
  1074 ;;		On entry : 0/0
  1075 ;;		On exit  : 0/0
  1076 ;;		Unchanged: 0/0
  1077 ;; Data sizes:     COMMON   BANK0   BANK1   BANK3   BANK2
  1078 ;;      Params:         0       0       0       0       0
  1079 ;;      Locals:         0       0       0       0       0
  1080 ;;      Temps:          3       0       0       0       0
  1081 ;;      Totals:         3       0       0       0       0
  1082 ;;Total ram usage:        3 bytes
  1083 ;; Hardware stack levels used:    1
  1084 ;; Hardware stack levels required when called:    2
  1085 ;; This function calls:
  1086 ;;		_spiRead
  1087 ;;		_spiWrite
  1088 ;; This function is called by:
  1089 ;;		Interrupt level 1
  1090 ;; This function uses a non-reentrant model
  1091 ;;
  1092                           
  1093                           
  1094                           ;psect for function _isr
  1095  0076                     _isr:
  1096  0076                     i1l847:
  1097  0076  1283               	bcf	3,5	;RP0=0, select bank0
  1098  0077  1303               	bcf	3,6	;RP1=0, select bank0
  1099  0078  1F0C               	btfss	12,6	;volatile
  1100  0079  287B               	goto	u3_21
  1101  007A  287C               	goto	u3_20
  1102  007B                     u3_21:
  1103  007B  289D               	goto	i1l861
  1104  007C                     u3_20:
  1105  007C                     i1l849:
  1106  007C  0C1F               	rrf	31,w	;volatile
  1107  007D  00F1               	movwf	??_isr
  1108  007E  0C71               	rrf	??_isr,w
  1109  007F  390F               	andlw	15
  1110  0080  3A00               	xorlw	0
  1111  0081  1D03               	skipz
  1112  0082  2884               	goto	u4_21
  1113  0083  2885               	goto	u4_20
  1114  0084                     u4_21:
  1115  0084  288E               	goto	i1l855
  1116  0085                     u4_20:
  1117  0085                     i1l851:
  1118  0085  081F               	movf	31,w	;volatile
  1119  0086  39C3               	andlw	-61
  1120  0087  3804               	iorlw	4
  1121  0088  009F               	movwf	31	;volatile
  1122  0089                     i1l853:
  1123  0089  081E               	movf	30,w	;volatile
  1124  008A  00F1               	movwf	??_isr
  1125  008B  0871               	movf	??_isr,w
  1126  008C  00F8               	movwf	_voltaje2
  1127  008D  289D               	goto	i1l861
  1128  008E                     i1l855:
  1129  008E  0C1F               	rrf	31,w	;volatile
  1130  008F  00F1               	movwf	??_isr
  1131  0090  0C71               	rrf	??_isr,w
  1132  0091  390F               	andlw	15
  1133  0092  3A01               	xorlw	1
  1134  0093  1D03               	skipz
  1135  0094  2896               	goto	u5_21
  1136  0095  2897               	goto	u5_20
  1137  0096                     u5_21:
  1138  0096  289D               	goto	i1l861
  1139  0097                     u5_20:
  1140  0097                     i1l857:
  1141  0097  30C3               	movlw	-61
  1142  0098  059F               	andwf	31,f	;volatile
  1143  0099                     i1l859:
  1144  0099  081E               	movf	30,w	;volatile
  1145  009A  00F1               	movwf	??_isr
  1146  009B  0871               	movf	??_isr,w
  1147  009C  00F9               	movwf	_voltaje1
  1148  009D                     i1l861:
  1149  009D  130C               	bcf	12,6	;volatile
  1150  009E                     i1l863:
  1151  009E  1D8C               	btfss	12,3	;volatile
  1152  009F  28A1               	goto	u6_21
  1153  00A0  28A2               	goto	u6_20
  1154  00A1                     u6_21:
  1155  00A1  28C1               	goto	i1l109
  1156  00A2                     u6_20:
  1157  00A2                     i1l865:
  1158  00A2  120A  118A  212A  120A  118A  	fcall	_spiRead
  1159  00A7  00F1               	movwf	??_isr
  1160  00A8  0871               	movf	??_isr,w
  1161  00A9  00F7               	movwf	_temporal1
  1162  00AA  0879               	movf	_voltaje1,w
  1163  00AB  120A  118A  213A  120A  118A  	fcall	_spiWrite
  1164  00B0  120A  118A  212A  120A  118A  	fcall	_spiRead
  1165  00B5  00F1               	movwf	??_isr
  1166  00B6  0871               	movf	??_isr,w
  1167  00B7  00F6               	movwf	_temporal2
  1168  00B8  0878               	movf	_voltaje2,w
  1169  00B9  120A  118A  213A  120A  118A  	fcall	_spiWrite
  1170  00BE                     i1l867:
  1171  00BE  1283               	bcf	3,5	;RP0=0, select bank0
  1172  00BF  1303               	bcf	3,6	;RP1=0, select bank0
  1173  00C0  118C               	bcf	12,3	;volatile
  1174  00C1                     i1l109:
  1175  00C1  0873               	movf	??_isr+2,w
  1176  00C2  008A               	movwf	10
  1177  00C3  0E72               	swapf	??_isr+1,w
  1178  00C4  0083               	movwf	3
  1179  00C5  0EFE               	swapf	btemp,f
  1180  00C6  0E7E               	swapf	btemp,w
  1181  00C7  0009               	retfie
  1182  00C8                     __end_of_isr:
  1183                           
  1184                           	psect	intentry
  1185  0004                     __pintentry:	
  1186                           ;incstack = 0
  1187                           ; Regs used in _isr: [wreg+status,2+status,0+pclath+cstack]
  1188                           
  1189  0004                     interrupt_function:
  1190  007E                     saved_w	set	btemp
  1191  0004  00FE               	movwf	btemp
  1192  0005  0E03               	swapf	3,w
  1193  0006  00F2               	movwf	??_isr+1
  1194  0007  080A               	movf	10,w
  1195  0008  00F3               	movwf	??_isr+2
  1196  0009  120A  118A  2876   	ljmp	_isr
  1197                           
  1198                           	psect	text5
  1199  013A                     __ptext5:	
  1200 ;; *************** function _spiWrite *****************
  1201 ;; Defined at:
  1202 ;;		line 34 in file "SPI.c"
  1203 ;; Parameters:    Size  Location     Type
  1204 ;;  dat             1    wreg     unsigned char 
  1205 ;; Auto vars:     Size  Location     Type
  1206 ;;  dat             1    0[COMMON] unsigned char 
  1207 ;; Return value:  Size  Location     Type
  1208 ;;                  1    wreg      void 
  1209 ;; Registers used:
  1210 ;;		wreg
  1211 ;; Tracked objects:
  1212 ;;		On entry : 0/0
  1213 ;;		On exit  : 0/0
  1214 ;;		Unchanged: 0/0
  1215 ;; Data sizes:     COMMON   BANK0   BANK1   BANK3   BANK2
  1216 ;;      Params:         0       0       0       0       0
  1217 ;;      Locals:         1       0       0       0       0
  1218 ;;      Temps:          0       0       0       0       0
  1219 ;;      Totals:         1       0       0       0       0
  1220 ;;Total ram usage:        1 bytes
  1221 ;; Hardware stack levels used:    1
  1222 ;; This function calls:
  1223 ;;		Nothing
  1224 ;; This function is called by:
  1225 ;;		_isr
  1226 ;; This function uses a non-reentrant model
  1227 ;;
  1228                           
  1229                           
  1230                           ;psect for function _spiWrite
  1231  013A                     _spiWrite:
  1232                           
  1233                           ;incstack = 0
  1234                           ; Regs used in _spiWrite: [wreg]
  1235                           ;spiWrite@dat stored from wreg
  1236  013A  00F0               	movwf	spiWrite@dat
  1237  013B                     i1l799:
  1238                           
  1239                           ;SPI.c: 34: void spiWrite(char dat);SPI.c: 35: {;SPI.c: 36:     SSPBUF = dat;
  1240  013B  0870               	movf	spiWrite@dat,w
  1241  013C  1283               	bcf	3,5	;RP0=0, select bank0
  1242  013D  1303               	bcf	3,6	;RP1=0, select bank0
  1243  013E  0093               	movwf	19	;volatile
  1244  013F                     i1l26:
  1245  013F  0008               	return
  1246  0140                     __end_of_spiWrite:
  1247                           
  1248                           	psect	text6
  1249  012A                     __ptext6:	
  1250 ;; *************** function _spiRead *****************
  1251 ;; Defined at:
  1252 ;;		line 48 in file "SPI.c"
  1253 ;; Parameters:    Size  Location     Type
  1254 ;;		None
  1255 ;; Auto vars:     Size  Location     Type
  1256 ;;		None
  1257 ;; Return value:  Size  Location     Type
  1258 ;;                  1    wreg      unsigned char 
  1259 ;; Registers used:
  1260 ;;		wreg, status,2, status,0, pclath, cstack
  1261 ;; Tracked objects:
  1262 ;;		On entry : 0/0
  1263 ;;		On exit  : 0/0
  1264 ;;		Unchanged: 0/0
  1265 ;; Data sizes:     COMMON   BANK0   BANK1   BANK3   BANK2
  1266 ;;      Params:         0       0       0       0       0
  1267 ;;      Locals:         0       0       0       0       0
  1268 ;;      Temps:          0       0       0       0       0
  1269 ;;      Totals:         0       0       0       0       0
  1270 ;;Total ram usage:        0 bytes
  1271 ;; Hardware stack levels used:    1
  1272 ;; Hardware stack levels required when called:    1
  1273 ;; This function calls:
  1274 ;;		_spiReceiveWait
  1275 ;; This function is called by:
  1276 ;;		_isr
  1277 ;; This function uses a non-reentrant model
  1278 ;;
  1279                           
  1280                           
  1281                           ;psect for function _spiRead
  1282  012A                     _spiRead:
  1283  012A                     i1l801:	
  1284                           ;incstack = 0
  1285                           ; Regs used in _spiRead: [wreg+status,2+status,0+pclath+cstack]
  1286                           
  1287                           
  1288                           ;SPI.c: 50:     spiReceiveWait();
  1289  012A  120A  118A  2133  120A  118A  	fcall	_spiReceiveWait
  1290  012F                     i1l803:
  1291                           
  1292                           ;SPI.c: 51:     return(SSPBUF);
  1293  012F  1283               	bcf	3,5	;RP0=0, select bank0
  1294  0130  1303               	bcf	3,6	;RP1=0, select bank0
  1295  0131  0813               	movf	19,w	;volatile
  1296  0132                     i1l34:
  1297  0132  0008               	return
  1298  0133                     __end_of_spiRead:
  1299                           
  1300                           	psect	text7
  1301  0133                     __ptext7:	
  1302 ;; *************** function _spiReceiveWait *****************
  1303 ;; Defined at:
  1304 ;;		line 29 in file "SPI.c"
  1305 ;; Parameters:    Size  Location     Type
  1306 ;;		None
  1307 ;; Auto vars:     Size  Location     Type
  1308 ;;		None
  1309 ;; Return value:  Size  Location     Type
  1310 ;;                  1    wreg      void 
  1311 ;; Registers used:
  1312 ;;		None
  1313 ;; Tracked objects:
  1314 ;;		On entry : 0/0
  1315 ;;		On exit  : 0/0
  1316 ;;		Unchanged: 0/0
  1317 ;; Data sizes:     COMMON   BANK0   BANK1   BANK3   BANK2
  1318 ;;      Params:         0       0       0       0       0
  1319 ;;      Locals:         0       0       0       0       0
  1320 ;;      Temps:          0       0       0       0       0
  1321 ;;      Totals:         0       0       0       0       0
  1322 ;;Total ram usage:        0 bytes
  1323 ;; Hardware stack levels used:    1
  1324 ;; This function calls:
  1325 ;;		Nothing
  1326 ;; This function is called by:
  1327 ;;		_spiRead
  1328 ;; This function uses a non-reentrant model
  1329 ;;
  1330                           
  1331                           
  1332                           ;psect for function _spiReceiveWait
  1333  0133                     _spiReceiveWait:
  1334  0133                     i1l723:	
  1335                           ;incstack = 0
  1336                           ; Regs used in _spiReceiveWait: []
  1337                           
  1338  0133                     i1l20:	
  1339                           ;SPI.c: 31:     while ( !SSPSTATbits.BF );
  1340                           
  1341  0133  1683               	bsf	3,5	;RP0=1, select bank1
  1342  0134  1303               	bcf	3,6	;RP1=0, select bank1
  1343  0135  1C14               	btfss	20,0	;volatile
  1344  0136  2938               	goto	u2_21
  1345  0137  2939               	goto	u2_20
  1346  0138                     u2_21:
  1347  0138  2933               	goto	i1l20
  1348  0139                     u2_20:
  1349  0139                     i1l23:
  1350  0139  0008               	return
  1351  013A                     __end_of_spiReceiveWait:
  1352  007E                     btemp	set	126	;btemp
  1353  007E                     wtemp0	set	126
  1354                           
  1355                           	psect	config
  1356                           
  1357                           ;Config register CONFIG1 @ 0x2007
  1358                           ;	Oscillator Selection bits
  1359                           ;	FOSC = INTRC_NOCLKOUT, INTOSCIO oscillator: I/O function on RA6/OSC2/CLKOUT pin, I/O f
      +                          unction on RA7/OSC1/CLKIN
  1360                           ;	Watchdog Timer Enable bit
  1361                           ;	WDTE = OFF, WDT disabled and can be enabled by SWDTEN bit of the WDTCON register
  1362                           ;	Power-up Timer Enable bit
  1363                           ;	PWRTE = OFF, PWRT disabled
  1364                           ;	RE3/MCLR pin function select bit
  1365                           ;	MCLRE = OFF, RE3/MCLR pin function is digital input, MCLR internally tied to VDD
  1366                           ;	Code Protection bit
  1367                           ;	CP = OFF, Program memory code protection is disabled
  1368                           ;	Data Code Protection bit
  1369                           ;	CPD = OFF, Data memory code protection is disabled
  1370                           ;	Brown Out Reset Selection bits
  1371                           ;	BOREN = OFF, BOR disabled
  1372                           ;	Internal External Switchover bit
  1373                           ;	IESO = OFF, Internal/External Switchover mode is disabled
  1374                           ;	Fail-Safe Clock Monitor Enabled bit
  1375                           ;	FCMEN = OFF, Fail-Safe Clock Monitor is disabled
  1376                           ;	Low Voltage Programming Enable bit
  1377                           ;	LVP = OFF, RB3 pin has digital I/O, HV on MCLR must be used for programming
  1378                           ;	In-Circuit Debugger Mode bit
  1379                           ;	DEBUG = 0x1, unprogrammed default
  1380  2007                     	org	8199
  1381  2007  20D4               	dw	8404
  1382                           
  1383                           ;Config register CONFIG2 @ 0x2008
  1384                           ;	Brown-out Reset Selection bit
  1385                           ;	BOR4V = BOR40V, Brown-out Reset set to 4.0V
  1386                           ;	Flash Program Memory Self Write Enable bits
  1387                           ;	WRT = OFF, Write protection off
  1388  2008                     	org	8200
  1389  2008  3FFF               	dw	16383

Data Sizes:
    Strings     0
    Constant    0
    Data        0
    BSS         4
    Persistent  0
    Stack       0

Auto Spaces:
    Space          Size  Autos    Used
    COMMON           14      6      10
    BANK0            80      4       4
    BANK1            80      0       0
    BANK3            96      0       0
    BANK2            96      0       0

Pointer List with Targets:

    None.

Critical Paths under _main in COMMON

    _setup->_config_ADC

Critical Paths under _isr in COMMON

    _isr->_spiWrite

Critical Paths under _main in BANK0

    _setup->_spiInit

Critical Paths under _isr in BANK0

    None.

Critical Paths under _main in BANK1

    None.

Critical Paths under _isr in BANK1

    None.

Critical Paths under _main in BANK3

    None.

Critical Paths under _isr in BANK3

    None.

Critical Paths under _main in BANK2

    None.

Critical Paths under _isr in BANK2

    None.

Call Graph Tables:

 ---------------------------------------------------------------------------------
 (Depth) Function   	        Calls       Base Space   Used Autos Params    Refs
 ---------------------------------------------------------------------------------
 (0) _main                                                 1     1      0     478
                                              3 BANK0      1     1      0
                              _setup
 ---------------------------------------------------------------------------------
 (1) _setup                                                0     0      0     478
                         _config_ADC
                            _spiInit
 ---------------------------------------------------------------------------------
 (2) _spiInit                                              4     1      3     456
                                              4 COMMON     1     1      0
                                              0 BANK0      3     0      3
 ---------------------------------------------------------------------------------
 (2) _config_ADC                                           3     3      0      22
                                              4 COMMON     2     2      0
                                              0 BANK0      1     1      0
 ---------------------------------------------------------------------------------
 Estimated maximum stack depth 2
 ---------------------------------------------------------------------------------
 (Depth) Function   	        Calls       Base Space   Used Autos Params    Refs
 ---------------------------------------------------------------------------------
 (3) _isr                                                  3     3      0      15
                                              1 COMMON     3     3      0
                            _spiRead
                           _spiWrite
 ---------------------------------------------------------------------------------
 (4) _spiWrite                                             1     1      0      15
                                              0 COMMON     1     1      0
 ---------------------------------------------------------------------------------
 (4) _spiRead                                              0     0      0       0
                     _spiReceiveWait
 ---------------------------------------------------------------------------------
 (5) _spiReceiveWait                                       0     0      0       0
 ---------------------------------------------------------------------------------
 Estimated maximum stack depth 5
 ---------------------------------------------------------------------------------

 Call Graph Graphs:

 _main (ROOT)
   _setup
     _config_ADC
     _spiInit

 _isr (ROOT)
   _spiRead
     _spiReceiveWait
   _spiWrite

 Address spaces:
Name               Size   Autos  Total    Cost      Usage
BITCOMMON            E      0       0       0        0.0%
EEDATA             100      0       0       0        0.0%
NULL                 0      0       0       0        0.0%
CODE                 0      0       0       0        0.0%
COMMON               E      6       A       1       71.4%
BITSFR0              0      0       0       1        0.0%
SFR0                 0      0       0       1        0.0%
BITSFR1              0      0       0       2        0.0%
SFR1                 0      0       0       2        0.0%
STACK                0      0       0       2        0.0%
ABS                  0      0       E       3        0.0%
BITBANK0            50      0       0       4        0.0%
BITSFR3              0      0       0       4        0.0%
SFR3                 0      0       0       4        0.0%
BANK0               50      4       4       5        5.0%
BITSFR2              0      0       0       5        0.0%
SFR2                 0      0       0       5        0.0%
BITBANK1            50      0       0       6        0.0%
BANK1               50      0       0       7        0.0%
BITBANK3            60      0       0       8        0.0%
BANK3               60      0       0       9        0.0%
BITBANK2            60      0       0      10        0.0%
BANK2               60      0       0      11        0.0%
DATA                 0      0       E      12        0.0%


Microchip Technology PIC Macro Assembler V2.31 build 20201012212115 
Symbol Table                                                                                   Mon Aug 02 20:18:27 2021

            _SSPSTATbits 0094                       l16 010B                       l17 0110  
                     l49 0075                      l121 00F2                      l971 00FB  
                    l981 001B                      l973 0101                      l991 0026  
                    l983 001D                      l975 0103                      l993 0029  
                    l985 0021                      l977 010A                      l969 00F4  
                    l995 002A                      l987 0024                      l979 001A  
                    l997 002C                      l989 0025                      l999 002E  
                    u100 00FB                      u101 00FA                      u110 011C  
                    u111 011B                      u127 0120                      u137 001F  
                    u147 0030                      u157 0041                      u167 0052  
                    _isr 0076                     l1001 0032                     l1011 003B  
                   l1003 0035                     l1021 0047                     l1013 003D  
                   l1005 0036                     l1031 0050                     l1023 0048  
                   l1015 003F                     l1007 0037                     l1041 005C  
                   l1033 0054                     l1025 004B                     l1017 0043  
                   l1009 003A                     l1043 005D                     l1035 0057  
                   l1027 004C                     l1019 0046                     l1037 0058  
                   l1029 004E                     l1061 00D0                     l1127 0067  
                   l1039 0059                     l1047 005F                     l1071 00D9  
                   l1063 00D1                     l1055 00C8                     l1081 00EF  
                   l1073 00DA                     l1065 00D2                     l1057 00CC  
                   l1083 00F0                     l1075 00E5                     l1067 00D3  
                   l1059 00CF                     l1091 0116                     l1085 00F1  
                   l1077 00EB                     l1069 00D6                     l1093 011C  
                   l1079 00EE                     l1095 0123                     l1089 0111  
                   _ADIF 0066                     ?_isr 0070                     i1l20 0133  
                   i1l23 0139                     i1l34 0132                     i1l26 013F  
                   u2_20 0139                     u2_21 0138                     u3_20 007C  
                   u3_21 007B                     u4_20 0085                     u4_21 0084  
                   u5_20 0097                     u5_21 0096                     u6_20 00A2  
                   u6_21 00A1                     _main 0111                     btemp 007E  
                   start 000C                    ??_isr 0071                    ?_main 0070  
         config_ADC@frec 0020                    _ANSEL 0188                    i1l109 00C1  
                  i1l801 012A                    i1l723 0133                    i1l803 012F  
                  i1l851 0085                    i1l853 0089                    i1l861 009D  
                  i1l863 009E                    i1l855 008E                    i1l847 0076  
                  i1l865 00A2                    i1l857 0097                    i1l849 007C  
                  i1l867 00BE                    i1l859 0099                    i1l799 013B  
                  _PORTA 0005                    _PORTB 0006                    _PORTC 0007  
                  _PORTD 0008                    _PORTE 0009                    _TRISB 0086  
                  _SSPIF 0063                    _setup 00C8                    pclath 000A  
        __end_of_spiInit 0111          __end_of_spiRead 0133                    status 0003  
                  wtemp0 007E          __initialization 000F             __end_of_main 012A  
                 ??_main 0023                   _ADRESH 001E                   ?_setup 0070  
                 _TRISC3 043B                   _TRISC5 043D                   _SSPCON 0014  
                 _SSPBUF 0013                   saved_w 007E         __end_of_spiWrite 0140  
              ??_spiInit 0074                ??_spiRead 0070  __end_of__initialization 0013  
         __pcstackCOMMON 0070            __end_of_setup 00F3                  ??_setup 0076  
             __pmaintext 0111               __pintentry 0004  __size_of_spiReceiveWait 0007  
             _config_ADC 0017                  _SSPSTAT 0094                ?_spiWrite 0070  
                __ptext1 00C8                  __ptext2 00F3                  __ptext3 0017  
                __ptext4 0076                  __ptext5 013A                  __ptext6 012A  
                __ptext7 0133             __size_of_isr 0052                  _spiInit 00F3  
                _spiRead 012A     end_of_initialization 0013               ??_spiWrite 0070  
            ?_config_ADC 0070                _TRISAbits 0085              spiWrite@dat 0070  
         _spiReceiveWait 0133      start_initialization 000F              __end_of_isr 00C8  
    __size_of_config_ADC 005F   __end_of_spiReceiveWait 013A              __pbssCOMMON 0076  
              ___latbits 0002            __pcstackBANK0 0020          ?_spiReceiveWait 0070  
      __size_of_spiWrite 0006                 ?_spiInit 0020                 ?_spiRead 0070  
         __size_of_setup 002B     spiInit@sTransmitEdge 0022        interrupt_function 0004  
               _PIE1bits 008C       spiInit@sDataSample 0020                 _PIR1bits 000C  
              _temporal1 0077                _temporal2 0076               _ADCON0bits 001F  
             _ADCON1bits 009F             ??_config_ADC 0074       __end_of_config_ADC 0076  
       __size_of_spiInit 001E         __size_of_spiRead 0009            __size_of_main 0019  
               _spiWrite 013A             spiInit@sType 0074        spiInit@sClockIdle 0021  
               _voltaje1 0079                 _voltaje2 0078               _INTCONbits 000B  
               intlevel1 0000         ??_spiReceiveWait 0070  
