

Microchip MPLAB XC8 Assembler V2.31 build 20201012212115 
                                                                                               Mon Aug 09 00:37:27 2021

Microchip MPLAB XC8 C Compiler v2.31 (Free license) build 20201012212115 Og1 
     1                           	processor	16F887
     2                           	pagewidth 120
     3                           	opt	flic
     4                           	psect	cinit,global,class=CODE,merge=1,delta=2
     5                           	psect	bssBANK0,global,class=BANK0,space=1,delta=1,noexec
     6                           	psect	cstackCOMMON,global,class=COMMON,space=1,delta=1,noexec
     7                           	psect	cstackBANK0,global,class=BANK0,space=1,delta=1,noexec
     8                           	psect	maintext,global,class=CODE,split=1,delta=2
     9                           	psect	text1,local,class=CODE,merge=1,delta=2
    10                           	psect	text2,local,class=CODE,merge=1,delta=2
    11                           	psect	text3,local,class=CODE,merge=1,delta=2,group=1
    12                           	psect	text4,local,class=CODE,merge=1,delta=2
    13                           	psect	text5,local,class=CODE,merge=1,delta=2
    14                           	psect	text6,local,class=CODE,merge=1,delta=2
    15                           	psect	text7,local,class=CODE,merge=1,delta=2
    16                           	psect	text8,local,class=CODE,merge=1,delta=2
    17                           	psect	config,global,abs,ovrld,class=CONFIG,space=4,delta=2,noexec
    18                           	dabs	1,0x7E,2
    19  0000                     
    20                           ; Version 2.20
    21                           ; Generated 12/02/2020 GMT
    22                           ; 
    23                           ; Copyright © 2020, Microchip Technology Inc. and its subsidiaries ("Microchip")
    24                           ; All rights reserved.
    25                           ; 
    26                           ; This software is developed by Microchip Technology Inc. and its subsidiaries ("Microch
      +                          ip").
    27                           ; 
    28                           ; Redistribution and use in source and binary forms, with or without modification, are
    29                           ; permitted provided that the following conditions are met:
    30                           ; 
    31                           ;     1. Redistributions of source code must retain the above copyright notice, this lis
      +                          t of
    32                           ;        conditions and the following disclaimer.
    33                           ; 
    34                           ;     2. Redistributions in binary form must reproduce the above copyright notice, this 
      +                          list
    35                           ;        of conditions and the following disclaimer in the documentation and/or other
    36                           ;        materials provided with the distribution.
    37                           ; 
    38                           ;     3. Microchip's name may not be used to endorse or promote products derived from th
      +                          is
    39                           ;        software without specific prior written permission.
    40                           ; 
    41                           ; THIS SOFTWARE IS PROVIDED BY MICROCHIP "AS IS" AND ANY EXPRESS OR IMPLIED WARRANTIES,
    42                           ; INCLUDING, BUT NOT LIMITED TO, THE IMPLIED WARRANTIES OF MERCHANTABILITY AND FITNESS F
      +                          OR
    43                           ; PURPOSE ARE DISCLAIMED.  IN NO EVENT SHALL MICROCHIP BE LIABLE FOR ANY DIRECT, INDIREC
      +                          T,
    44                           ; INCIDENTAL, SPECIAL, EXEMPLARY, OR CONSEQUENTIAL DAMAGES (INCLUDING BUT NOT LIMITED TO
    45                           ; PROCUREMENT OF SUBSTITUTE GOODS OR SERVICES; LOSS OF USE, DATA OR PROFITS; OR BUSINESS
    46                           ; INTERRUPTION) HOWSOEVER CAUSED AND ON ANY THEORY OF LIABILITY, WHETHER IN CONTRACT, ST
      +                          RICT
    47                           ; LIABILITY, OR TORT (INCLUDING NEGLIGENCE OR OTHERWISE) ARISING IN ANY WAY OUT OF THE U
      +                          SE OF
    48                           ; THIS SOFTWARE, EVEN IF ADVISED OF THE POSSIBILITY OF SUCH DAMAGE.
    49                           ; 
    50                           ; 
    51                           ; Code-generator required, PIC16F887 Definitions
    52                           ; 
    53                           ; SFR Addresses
    54  0000                     	;# 
    55  0001                     	;# 
    56  0002                     	;# 
    57  0003                     	;# 
    58  0004                     	;# 
    59  0005                     	;# 
    60  0006                     	;# 
    61  0007                     	;# 
    62  0008                     	;# 
    63  0009                     	;# 
    64  000A                     	;# 
    65  000B                     	;# 
    66  000C                     	;# 
    67  000D                     	;# 
    68  000E                     	;# 
    69  000E                     	;# 
    70  000F                     	;# 
    71  0010                     	;# 
    72  0011                     	;# 
    73  0012                     	;# 
    74  0013                     	;# 
    75  0014                     	;# 
    76  0015                     	;# 
    77  0015                     	;# 
    78  0016                     	;# 
    79  0017                     	;# 
    80  0018                     	;# 
    81  0019                     	;# 
    82  001A                     	;# 
    83  001B                     	;# 
    84  001B                     	;# 
    85  001C                     	;# 
    86  001D                     	;# 
    87  001E                     	;# 
    88  001F                     	;# 
    89  0081                     	;# 
    90  0085                     	;# 
    91  0086                     	;# 
    92  0087                     	;# 
    93  0088                     	;# 
    94  0089                     	;# 
    95  008C                     	;# 
    96  008D                     	;# 
    97  008E                     	;# 
    98  008F                     	;# 
    99  0090                     	;# 
   100  0091                     	;# 
   101  0092                     	;# 
   102  0093                     	;# 
   103  0093                     	;# 
   104  0093                     	;# 
   105  0094                     	;# 
   106  0095                     	;# 
   107  0096                     	;# 
   108  0097                     	;# 
   109  0098                     	;# 
   110  0099                     	;# 
   111  009A                     	;# 
   112  009B                     	;# 
   113  009C                     	;# 
   114  009D                     	;# 
   115  009E                     	;# 
   116  009F                     	;# 
   117  0105                     	;# 
   118  0107                     	;# 
   119  0108                     	;# 
   120  0109                     	;# 
   121  010C                     	;# 
   122  010C                     	;# 
   123  010D                     	;# 
   124  010E                     	;# 
   125  010F                     	;# 
   126  0185                     	;# 
   127  0187                     	;# 
   128  0188                     	;# 
   129  0189                     	;# 
   130  018C                     	;# 
   131  018D                     	;# 
   132  0000                     	;# 
   133  0001                     	;# 
   134  0002                     	;# 
   135  0003                     	;# 
   136  0004                     	;# 
   137  0005                     	;# 
   138  0006                     	;# 
   139  0007                     	;# 
   140  0008                     	;# 
   141  0009                     	;# 
   142  000A                     	;# 
   143  000B                     	;# 
   144  000C                     	;# 
   145  000D                     	;# 
   146  000E                     	;# 
   147  000E                     	;# 
   148  000F                     	;# 
   149  0010                     	;# 
   150  0011                     	;# 
   151  0012                     	;# 
   152  0013                     	;# 
   153  0014                     	;# 
   154  0015                     	;# 
   155  0015                     	;# 
   156  0016                     	;# 
   157  0017                     	;# 
   158  0018                     	;# 
   159  0019                     	;# 
   160  001A                     	;# 
   161  001B                     	;# 
   162  001B                     	;# 
   163  001C                     	;# 
   164  001D                     	;# 
   165  001E                     	;# 
   166  001F                     	;# 
   167  0081                     	;# 
   168  0085                     	;# 
   169  0086                     	;# 
   170  0087                     	;# 
   171  0088                     	;# 
   172  0089                     	;# 
   173  008C                     	;# 
   174  008D                     	;# 
   175  008E                     	;# 
   176  008F                     	;# 
   177  0090                     	;# 
   178  0091                     	;# 
   179  0092                     	;# 
   180  0093                     	;# 
   181  0093                     	;# 
   182  0093                     	;# 
   183  0094                     	;# 
   184  0095                     	;# 
   185  0096                     	;# 
   186  0097                     	;# 
   187  0098                     	;# 
   188  0099                     	;# 
   189  009A                     	;# 
   190  009B                     	;# 
   191  009C                     	;# 
   192  009D                     	;# 
   193  009E                     	;# 
   194  009F                     	;# 
   195  0105                     	;# 
   196  0107                     	;# 
   197  0108                     	;# 
   198  0109                     	;# 
   199  010C                     	;# 
   200  010C                     	;# 
   201  010D                     	;# 
   202  010E                     	;# 
   203  010F                     	;# 
   204  0185                     	;# 
   205  0187                     	;# 
   206  0188                     	;# 
   207  0189                     	;# 
   208  018C                     	;# 
   209  018D                     	;# 
   210  0000                     	;# 
   211  0001                     	;# 
   212  0002                     	;# 
   213  0003                     	;# 
   214  0004                     	;# 
   215  0005                     	;# 
   216  0006                     	;# 
   217  0007                     	;# 
   218  0008                     	;# 
   219  0009                     	;# 
   220  000A                     	;# 
   221  000B                     	;# 
   222  000C                     	;# 
   223  000D                     	;# 
   224  000E                     	;# 
   225  000E                     	;# 
   226  000F                     	;# 
   227  0010                     	;# 
   228  0011                     	;# 
   229  0012                     	;# 
   230  0013                     	;# 
   231  0014                     	;# 
   232  0015                     	;# 
   233  0015                     	;# 
   234  0016                     	;# 
   235  0017                     	;# 
   236  0018                     	;# 
   237  0019                     	;# 
   238  001A                     	;# 
   239  001B                     	;# 
   240  001B                     	;# 
   241  001C                     	;# 
   242  001D                     	;# 
   243  001E                     	;# 
   244  001F                     	;# 
   245  0081                     	;# 
   246  0085                     	;# 
   247  0086                     	;# 
   248  0087                     	;# 
   249  0088                     	;# 
   250  0089                     	;# 
   251  008C                     	;# 
   252  008D                     	;# 
   253  008E                     	;# 
   254  008F                     	;# 
   255  0090                     	;# 
   256  0091                     	;# 
   257  0092                     	;# 
   258  0093                     	;# 
   259  0093                     	;# 
   260  0093                     	;# 
   261  0094                     	;# 
   262  0095                     	;# 
   263  0096                     	;# 
   264  0097                     	;# 
   265  0098                     	;# 
   266  0099                     	;# 
   267  009A                     	;# 
   268  009B                     	;# 
   269  009C                     	;# 
   270  009D                     	;# 
   271  009E                     	;# 
   272  009F                     	;# 
   273  0105                     	;# 
   274  0107                     	;# 
   275  0108                     	;# 
   276  0109                     	;# 
   277  010C                     	;# 
   278  010C                     	;# 
   279  010D                     	;# 
   280  010E                     	;# 
   281  010F                     	;# 
   282  0185                     	;# 
   283  0187                     	;# 
   284  0188                     	;# 
   285  0189                     	;# 
   286  018C                     	;# 
   287  018D                     	;# 
   288  0000                     	;# 
   289  0001                     	;# 
   290  0002                     	;# 
   291  0003                     	;# 
   292  0004                     	;# 
   293  0005                     	;# 
   294  0006                     	;# 
   295  0007                     	;# 
   296  0008                     	;# 
   297  0009                     	;# 
   298  000A                     	;# 
   299  000B                     	;# 
   300  000C                     	;# 
   301  000D                     	;# 
   302  000E                     	;# 
   303  000E                     	;# 
   304  000F                     	;# 
   305  0010                     	;# 
   306  0011                     	;# 
   307  0012                     	;# 
   308  0013                     	;# 
   309  0014                     	;# 
   310  0015                     	;# 
   311  0015                     	;# 
   312  0016                     	;# 
   313  0017                     	;# 
   314  0018                     	;# 
   315  0019                     	;# 
   316  001A                     	;# 
   317  001B                     	;# 
   318  001B                     	;# 
   319  001C                     	;# 
   320  001D                     	;# 
   321  001E                     	;# 
   322  001F                     	;# 
   323  0081                     	;# 
   324  0085                     	;# 
   325  0086                     	;# 
   326  0087                     	;# 
   327  0088                     	;# 
   328  0089                     	;# 
   329  008C                     	;# 
   330  008D                     	;# 
   331  008E                     	;# 
   332  008F                     	;# 
   333  0090                     	;# 
   334  0091                     	;# 
   335  0092                     	;# 
   336  0093                     	;# 
   337  0093                     	;# 
   338  0093                     	;# 
   339  0094                     	;# 
   340  0095                     	;# 
   341  0096                     	;# 
   342  0097                     	;# 
   343  0098                     	;# 
   344  0099                     	;# 
   345  009A                     	;# 
   346  009B                     	;# 
   347  009C                     	;# 
   348  009D                     	;# 
   349  009E                     	;# 
   350  009F                     	;# 
   351  0105                     	;# 
   352  0107                     	;# 
   353  0108                     	;# 
   354  0109                     	;# 
   355  010C                     	;# 
   356  010C                     	;# 
   357  010D                     	;# 
   358  010E                     	;# 
   359  010F                     	;# 
   360  0185                     	;# 
   361  0187                     	;# 
   362  0188                     	;# 
   363  0189                     	;# 
   364  018C                     	;# 
   365  018D                     	;# 
   366  0008                     _PORTDbits	set	8
   367  0013                     _SSPBUF	set	19
   368  0014                     _SSPCON	set	20
   369  0008                     _PORTD	set	8
   370  0007                     _PORTC	set	7
   371  0005                     _PORTA	set	5
   372  0006                     _PORTB	set	6
   373  0043                     _RD3	set	67
   374  0047                     _RD7	set	71
   375  0046                     _RD6	set	70
   376  0045                     _RD5	set	69
   377  0044                     _RD4	set	68
   378  0063                     _SSPIF	set	99
   379  005E                     _PEIE	set	94
   380  005F                     _GIE	set	95
   381  0091                     _SSPCON2bits	set	145
   382  0087                     _TRISCbits	set	135
   383  0094                     _SSPSTAT	set	148
   384  0093                     _SSPADD	set	147
   385  0091                     _SSPCON2	set	145
   386  008F                     _OSCCONbits	set	143
   387  0085                     _TRISA	set	133
   388  0086                     _TRISB	set	134
   389  0463                     _SSPIE	set	1123
   390  043C                     _TRISC4	set	1084
   391  043B                     _TRISC3	set	1083
   392  0189                     _ANSELH	set	393
   393                           
   394                           	psect	cinit
   395  07F9                     start_initialization:	
   396                           ; #config settings
   397                           
   398  07F9                     __initialization:
   399                           
   400                           ; Clear objects allocated to BANK0
   401  07F9  1283               	bcf	3,5	;RP0=0, select bank0
   402  07FA  1303               	bcf	3,6	;RP1=0, select bank0
   403  07FB  01AB               	clrf	__pbssBANK0& (0+127)
   404  07FC                     end_of_initialization:	
   405                           ;End of C runtime variable initialization code
   406                           
   407  07FC                     __end_of__initialization:
   408  07FC  0183               	clrf	3
   409  07FD  120A  118A  2F69   	ljmp	_main	;jump to C main() function
   410                           
   411                           	psect	bssBANK0
   412  002B                     __pbssBANK0:
   413  002B                     _voltaje:
   414  002B                     	ds	1
   415                           
   416                           	psect	cstackCOMMON
   417  0070                     __pcstackCOMMON:
   418  0070                     ?_setup:
   419  0070                     ?_I2C_Master_Start:	
   420                           ; 1 bytes @ 0x0
   421                           
   422  0070                     ??_I2C_Master_Start:	
   423                           ; 1 bytes @ 0x0
   424                           
   425  0070                     ?_I2C_Master_Write:	
   426                           ; 1 bytes @ 0x0
   427                           
   428  0070                     ?_I2C_Master_Stop:	
   429                           ; 1 bytes @ 0x0
   430                           
   431  0070                     ??_I2C_Master_Stop:	
   432                           ; 1 bytes @ 0x0
   433                           
   434  0070                     ?_main:	
   435                           ; 1 bytes @ 0x0
   436                           
   437  0070                     ?_I2C_Master_Wait:	
   438                           ; 1 bytes @ 0x0
   439                           
   440  0070                     ??_I2C_Master_Wait:	
   441                           ; 1 bytes @ 0x0
   442                           
   443  0070                     ?_I2C_Master_Read:	
   444                           ; 1 bytes @ 0x0
   445                           
   446  0070                     ?___lldiv:	
   447                           ; 2 bytes @ 0x0
   448                           
   449  0070                     I2C_Master_Write@d:	
   450                           ; 4 bytes @ 0x0
   451                           
   452  0070                     I2C_Master_Read@a:	
   453                           ; 2 bytes @ 0x0
   454                           
   455  0070                     ___lldiv@divisor:	
   456                           ; 2 bytes @ 0x0
   457                           
   458                           
   459                           ; 4 bytes @ 0x0
   460  0070                     	ds	2
   461  0072                     ??_I2C_Master_Write:
   462  0072                     ??_I2C_Master_Read:	
   463                           ; 1 bytes @ 0x2
   464                           
   465                           
   466                           ; 1 bytes @ 0x2
   467  0072                     	ds	2
   468  0074                     I2C_Master_Read@temp:
   469  0074                     ___lldiv@dividend:	
   470                           ; 2 bytes @ 0x4
   471                           
   472                           
   473                           ; 4 bytes @ 0x4
   474  0074                     	ds	4
   475  0078                     ??___lldiv:
   476                           
   477                           ; 1 bytes @ 0x8
   478  0078                     	ds	1
   479  0079                     ___lldiv@quotient:
   480                           
   481                           ; 4 bytes @ 0x9
   482  0079                     	ds	4
   483  007D                     ___lldiv@counter:
   484                           
   485                           ; 1 bytes @ 0xD
   486  007D                     	ds	1
   487  007E                     ??_setup:
   488                           
   489                           	psect	cstackBANK0
   490  0020                     __pcstackBANK0:	
   491                           ; 1 bytes @ 0xE
   492                           
   493  0020                     ?_I2C_Master_Init:
   494  0020                     I2C_Master_Init@c:	
   495                           ; 1 bytes @ 0x0
   496                           
   497                           
   498                           ; 4 bytes @ 0x0
   499  0020                     	ds	4
   500  0024                     ??_I2C_Master_Init:
   501                           
   502                           ; 1 bytes @ 0x4
   503  0024                     	ds	4
   504  0028                     ??_main:
   505                           
   506                           ; 1 bytes @ 0x8
   507  0028                     	ds	3
   508                           
   509                           	psect	maintext
   510  0769                     __pmaintext:	
   511 ;;
   512 ;;Main: autosize = 0, tempsize = 3, incstack = 0, save=0
   513 ;;
   514 ;; *************** function _main *****************
   515 ;; Defined at:
   516 ;;		line 60 in file "main01.c"
   517 ;; Parameters:    Size  Location     Type
   518 ;;		None
   519 ;; Auto vars:     Size  Location     Type
   520 ;;		None
   521 ;; Return value:  Size  Location     Type
   522 ;;                  1    wreg      void 
   523 ;; Registers used:
   524 ;;		wreg, status,2, status,0, pclath, cstack
   525 ;; Tracked objects:
   526 ;;		On entry : B00/0
   527 ;;		On exit  : 0/0
   528 ;;		Unchanged: 0/0
   529 ;; Data sizes:     COMMON   BANK0   BANK1   BANK3   BANK2
   530 ;;      Params:         0       0       0       0       0
   531 ;;      Locals:         0       0       0       0       0
   532 ;;      Temps:          0       3       0       0       0
   533 ;;      Totals:         0       3       0       0       0
   534 ;;Total ram usage:        3 bytes
   535 ;; Hardware stack levels required when called:    3
   536 ;; This function calls:
   537 ;;		_I2C_Master_Read
   538 ;;		_I2C_Master_Start
   539 ;;		_I2C_Master_Stop
   540 ;;		_I2C_Master_Write
   541 ;;		_setup
   542 ;; This function is called by:
   543 ;;		Startup code after reset
   544 ;; This function uses a non-reentrant model
   545 ;;
   546                           
   547                           
   548                           ;psect for function _main
   549  0769                     _main:
   550  0769                     l991:	
   551                           ;incstack = 0
   552                           ; Regs used in _main: [wreg+status,2+status,0+pclath+cstack]
   553                           
   554  0769  120A  118A  267C  120A  118A  	fcall	_setup
   555  076E                     l37:
   556  076E  120A  118A  2653  120A  118A  	fcall	_I2C_Master_Start
   557  0773  3051               	movlw	81
   558  0774  00F0               	movwf	I2C_Master_Write@d
   559  0775  3000               	movlw	0
   560  0776  00F1               	movwf	I2C_Master_Write@d+1
   561  0777  120A  118A  2665  120A  118A  	fcall	_I2C_Master_Write
   562  077C  3000               	movlw	0
   563  077D  00F0               	movwf	I2C_Master_Read@a
   564  077E  00F1               	movwf	I2C_Master_Read@a+1
   565  077F  120A  118A  269D  120A  118A  	fcall	_I2C_Master_Read
   566  0784  0870               	movf	?_I2C_Master_Read,w
   567  0785  1283               	bcf	3,5	;RP0=0, select bank0
   568  0786  1303               	bcf	3,6	;RP1=0, select bank0
   569  0787  0086               	movwf	6	;volatile
   570  0788  120A  118A  265C  120A  118A  	fcall	_I2C_Master_Stop
   571  078D                     l993:
   572  078D  3002               	movlw	2
   573  078E  1283               	bcf	3,5	;RP0=0, select bank0
   574  078F  1303               	bcf	3,6	;RP1=0, select bank0
   575  0790  00AA               	movwf	??_main+2
   576  0791  3004               	movlw	4
   577  0792  00A9               	movwf	??_main+1
   578  0793  30B9               	movlw	185
   579  0794  00A8               	movwf	??_main
   580  0795                     u307:
   581  0795  0BA8               	decfsz	??_main,f
   582  0796  2F95               	goto	u307
   583  0797  0BA9               	decfsz	??_main+1,f
   584  0798  2F95               	goto	u307
   585  0799  0BAA               	decfsz	??_main+2,f
   586  079A  2F95               	goto	u307
   587  079B  2F9C               	nop2
   588  079C                     l995:
   589  079C  120A  118A  2653  120A  118A  	fcall	_I2C_Master_Start
   590  07A1                     l997:
   591  07A1  3080               	movlw	128
   592  07A2  00F0               	movwf	I2C_Master_Write@d
   593  07A3  3000               	movlw	0
   594  07A4  00F1               	movwf	I2C_Master_Write@d+1
   595  07A5  120A  118A  2665  120A  118A  	fcall	_I2C_Master_Write
   596  07AA                     l999:
   597  07AA  30F3               	movlw	243
   598  07AB  00F0               	movwf	I2C_Master_Write@d
   599  07AC  3000               	movlw	0
   600  07AD  00F1               	movwf	I2C_Master_Write@d+1
   601  07AE  120A  118A  2665  120A  118A  	fcall	_I2C_Master_Write
   602  07B3                     l1001:
   603  07B3  120A  118A  265C  120A  118A  	fcall	_I2C_Master_Stop
   604  07B8                     l1003:
   605  07B8  3002               	movlw	2
   606  07B9  1283               	bcf	3,5	;RP0=0, select bank0
   607  07BA  1303               	bcf	3,6	;RP1=0, select bank0
   608  07BB  00AA               	movwf	??_main+2
   609  07BC  3004               	movlw	4
   610  07BD  00A9               	movwf	??_main+1
   611  07BE  30B9               	movlw	185
   612  07BF  00A8               	movwf	??_main
   613  07C0                     u317:
   614  07C0  0BA8               	decfsz	??_main,f
   615  07C1  2FC0               	goto	u317
   616  07C2  0BA9               	decfsz	??_main+1,f
   617  07C3  2FC0               	goto	u317
   618  07C4  0BAA               	decfsz	??_main+2,f
   619  07C5  2FC0               	goto	u317
   620  07C6  2FC7               	nop2
   621  07C7  120A  118A  2653  120A  118A  	fcall	_I2C_Master_Start
   622  07CC  3081               	movlw	129
   623  07CD  00F0               	movwf	I2C_Master_Write@d
   624  07CE  3000               	movlw	0
   625  07CF  00F1               	movwf	I2C_Master_Write@d+1
   626  07D0  120A  118A  2665  120A  118A  	fcall	_I2C_Master_Write
   627  07D5  3000               	movlw	0
   628  07D6  00F0               	movwf	I2C_Master_Read@a
   629  07D7  00F1               	movwf	I2C_Master_Read@a+1
   630  07D8  120A  118A  269D  120A  118A  	fcall	_I2C_Master_Read
   631  07DD  0870               	movf	?_I2C_Master_Read,w
   632  07DE  1283               	bcf	3,5	;RP0=0, select bank0
   633  07DF  1303               	bcf	3,6	;RP1=0, select bank0
   634  07E0  0085               	movwf	5	;volatile
   635  07E1  120A  118A  265C  120A  118A  	fcall	_I2C_Master_Stop
   636  07E6                     l1005:
   637  07E6  3002               	movlw	2
   638  07E7  1283               	bcf	3,5	;RP0=0, select bank0
   639  07E8  1303               	bcf	3,6	;RP1=0, select bank0
   640  07E9  00AA               	movwf	??_main+2
   641  07EA  3004               	movlw	4
   642  07EB  00A9               	movwf	??_main+1
   643  07EC  30B9               	movlw	185
   644  07ED  00A8               	movwf	??_main
   645  07EE                     u327:
   646  07EE  0BA8               	decfsz	??_main,f
   647  07EF  2FEE               	goto	u327
   648  07F0  0BA9               	decfsz	??_main+1,f
   649  07F1  2FEE               	goto	u327
   650  07F2  0BAA               	decfsz	??_main+2,f
   651  07F3  2FEE               	goto	u327
   652  07F4  2FF5               	nop2
   653  07F5  2F6E               	goto	l37
   654  07F6  120A  118A  2800   	ljmp	start
   655  07F9                     __end_of_main:
   656                           
   657                           	psect	text1
   658  067C                     __ptext1:	
   659 ;; *************** function _setup *****************
   660 ;; Defined at:
   661 ;;		line 99 in file "main01.c"
   662 ;; Parameters:    Size  Location     Type
   663 ;;		None
   664 ;; Auto vars:     Size  Location     Type
   665 ;;		None
   666 ;; Return value:  Size  Location     Type
   667 ;;                  1    wreg      void 
   668 ;; Registers used:
   669 ;;		wreg, status,2, status,0, pclath, cstack
   670 ;; Tracked objects:
   671 ;;		On entry : 0/0
   672 ;;		On exit  : 0/0
   673 ;;		Unchanged: 0/0
   674 ;; Data sizes:     COMMON   BANK0   BANK1   BANK3   BANK2
   675 ;;      Params:         0       0       0       0       0
   676 ;;      Locals:         0       0       0       0       0
   677 ;;      Temps:          0       0       0       0       0
   678 ;;      Totals:         0       0       0       0       0
   679 ;;Total ram usage:        0 bytes
   680 ;; Hardware stack levels used:    1
   681 ;; Hardware stack levels required when called:    2
   682 ;; This function calls:
   683 ;;		_I2C_Master_Init
   684 ;; This function is called by:
   685 ;;		_main
   686 ;; This function uses a non-reentrant model
   687 ;;
   688                           
   689                           
   690                           ;psect for function _setup
   691  067C                     _setup:
   692  067C                     l957:	
   693                           ;incstack = 0
   694                           ; Regs used in _setup: [wreg+status,2+status,0+pclath+cstack]
   695                           
   696                           
   697                           ;main01.c: 101:     TRISB = 0x00;
   698  067C  1683               	bsf	3,5	;RP0=1, select bank1
   699  067D  1303               	bcf	3,6	;RP1=0, select bank1
   700  067E  0186               	clrf	6	;volatile
   701                           
   702                           ;main01.c: 102:     ANSELH = 0x00;
   703  067F  1683               	bsf	3,5	;RP0=1, select bank3
   704  0680  1703               	bsf	3,6	;RP1=1, select bank3
   705  0681  0189               	clrf	9	;volatile
   706                           
   707                           ;main01.c: 103:     TRISA = 0x00;
   708  0682  1683               	bsf	3,5	;RP0=1, select bank1
   709  0683  1303               	bcf	3,6	;RP1=0, select bank1
   710  0684  0185               	clrf	5	;volatile
   711  0685                     l959:
   712                           
   713                           ;main01.c: 106:     OSCCONbits.IRCF0 = 0;
   714  0685  120F               	bcf	15,4	;volatile
   715  0686                     l961:
   716                           
   717                           ;main01.c: 107:     OSCCONbits.IRCF1 = 1;
   718  0686  168F               	bsf	15,5	;volatile
   719  0687                     l963:
   720                           
   721                           ;main01.c: 108:     OSCCONbits.IRCF2 = 1;
   722  0687  170F               	bsf	15,6	;volatile
   723  0688                     l965:
   724                           
   725                           ;main01.c: 109:     OSCCONbits.SCS = 1;
   726  0688  140F               	bsf	15,0	;volatile
   727                           
   728                           ;main01.c: 113:     PORTA = 0x00;
   729  0689  1283               	bcf	3,5	;RP0=0, select bank0
   730  068A  1303               	bcf	3,6	;RP1=0, select bank0
   731  068B  0185               	clrf	5	;volatile
   732                           
   733                           ;main01.c: 114:     PORTB = 0X00;
   734  068C  0186               	clrf	6	;volatile
   735                           
   736                           ;main01.c: 115:     PORTC = 0X00;
   737  068D  0187               	clrf	7	;volatile
   738                           
   739                           ;main01.c: 116:     PORTD = 0X00;
   740  068E  0188               	clrf	8	;volatile
   741  068F                     l967:
   742                           
   743                           ;main01.c: 119:     I2C_Master_Init(100000);
   744  068F  3000               	movlw	0
   745  0690  00A3               	movwf	I2C_Master_Init@c+3
   746  0691  3001               	movlw	1
   747  0692  00A2               	movwf	I2C_Master_Init@c+2
   748  0693  3086               	movlw	134
   749  0694  00A1               	movwf	I2C_Master_Init@c+1
   750  0695  30A0               	movlw	160
   751  0696  00A0               	movwf	I2C_Master_Init@c
   752  0697  120A  118A  26CB  120A  118A  	fcall	_I2C_Master_Init
   753  069C                     l43:
   754  069C  0008               	return
   755  069D                     __end_of_setup:
   756                           
   757                           	psect	text2
   758  06CB                     __ptext2:	
   759 ;; *************** function _I2C_Master_Init *****************
   760 ;; Defined at:
   761 ;;		line 16 in file "I2C.c"
   762 ;; Parameters:    Size  Location     Type
   763 ;;  c               4    0[BANK0 ] const unsigned long 
   764 ;; Auto vars:     Size  Location     Type
   765 ;;		None
   766 ;; Return value:  Size  Location     Type
   767 ;;                  1    wreg      void 
   768 ;; Registers used:
   769 ;;		wreg, status,2, status,0, pclath, cstack
   770 ;; Tracked objects:
   771 ;;		On entry : 0/0
   772 ;;		On exit  : 0/0
   773 ;;		Unchanged: 0/0
   774 ;; Data sizes:     COMMON   BANK0   BANK1   BANK3   BANK2
   775 ;;      Params:         0       4       0       0       0
   776 ;;      Locals:         0       0       0       0       0
   777 ;;      Temps:          0       4       0       0       0
   778 ;;      Totals:         0       8       0       0       0
   779 ;;Total ram usage:        8 bytes
   780 ;; Hardware stack levels used:    1
   781 ;; Hardware stack levels required when called:    1
   782 ;; This function calls:
   783 ;;		___lldiv
   784 ;; This function is called by:
   785 ;;		_setup
   786 ;; This function uses a non-reentrant model
   787 ;;
   788                           
   789                           
   790                           ;psect for function _I2C_Master_Init
   791  06CB                     _I2C_Master_Init:
   792  06CB                     l945:	
   793                           ;incstack = 0
   794                           ; Regs used in _I2C_Master_Init: [wreg+status,2+status,0+pclath+cstack]
   795                           
   796                           
   797                           ;I2C.c: 16: void I2C_Master_Init(const unsigned long c);I2C.c: 17: {;I2C.c: 18:     SSPC
      +                          ON = 0b00101000;
   798  06CB  3028               	movlw	40
   799  06CC  1283               	bcf	3,5	;RP0=0, select bank0
   800  06CD  1303               	bcf	3,6	;RP1=0, select bank0
   801  06CE  0094               	movwf	20	;volatile
   802  06CF                     l947:
   803                           
   804                           ;I2C.c: 19:     SSPCON2 = 0;
   805  06CF  1683               	bsf	3,5	;RP0=1, select bank1
   806  06D0  1303               	bcf	3,6	;RP1=0, select bank1
   807  06D1  0191               	clrf	17	;volatile
   808  06D2                     l949:
   809                           
   810                           ;I2C.c: 20:     SSPADD = (4000000/(4*c))-1;
   811  06D2  1283               	bcf	3,5	;RP0=0, select bank0
   812  06D3  1303               	bcf	3,6	;RP1=0, select bank0
   813  06D4  0820               	movf	I2C_Master_Init@c,w
   814  06D5  00A4               	movwf	??_I2C_Master_Init
   815  06D6  0821               	movf	I2C_Master_Init@c+1,w
   816  06D7  00A5               	movwf	??_I2C_Master_Init+1
   817  06D8  0822               	movf	I2C_Master_Init@c+2,w
   818  06D9  00A6               	movwf	??_I2C_Master_Init+2
   819  06DA  0823               	movf	I2C_Master_Init@c+3,w
   820  06DB  00A7               	movwf	??_I2C_Master_Init+3
   821  06DC  3002               	movlw	2
   822  06DD                     u285:
   823  06DD  1003               	clrc
   824  06DE  0DA4               	rlf	??_I2C_Master_Init,f
   825  06DF  0DA5               	rlf	??_I2C_Master_Init+1,f
   826  06E0  0DA6               	rlf	??_I2C_Master_Init+2,f
   827  06E1  0DA7               	rlf	??_I2C_Master_Init+3,f
   828  06E2                     u280:
   829  06E2  3EFF               	addlw	-1
   830  06E3  1D03               	skipz
   831  06E4  2EDD               	goto	u285
   832  06E5  0827               	movf	??_I2C_Master_Init+3,w
   833  06E6  00F3               	movwf	___lldiv@divisor+3
   834  06E7  0826               	movf	??_I2C_Master_Init+2,w
   835  06E8  00F2               	movwf	___lldiv@divisor+2
   836  06E9  0825               	movf	??_I2C_Master_Init+1,w
   837  06EA  00F1               	movwf	___lldiv@divisor+1
   838  06EB  0824               	movf	??_I2C_Master_Init,w
   839  06EC  00F0               	movwf	___lldiv@divisor
   840  06ED  3000               	movlw	0
   841  06EE  00F7               	movwf	___lldiv@dividend+3
   842  06EF  303D               	movlw	61
   843  06F0  00F6               	movwf	___lldiv@dividend+2
   844  06F1  3009               	movlw	9
   845  06F2  00F5               	movwf	___lldiv@dividend+1
   846  06F3  3000               	movlw	0
   847  06F4  00F4               	movwf	___lldiv@dividend
   848  06F5  120A  118A  2703  120A  118A  	fcall	___lldiv
   849  06FA  0870               	movf	?___lldiv,w
   850  06FB  3EFF               	addlw	255
   851  06FC  1683               	bsf	3,5	;RP0=1, select bank1
   852  06FD  1303               	bcf	3,6	;RP1=0, select bank1
   853  06FE  0093               	movwf	19	;volatile
   854  06FF                     l951:
   855                           
   856                           ;I2C.c: 21:     SSPSTAT = 0;
   857  06FF  0194               	clrf	20	;volatile
   858  0700                     l953:
   859                           
   860                           ;I2C.c: 22:     TRISCbits.TRISC3 = 1;
   861  0700  1587               	bsf	7,3	;volatile
   862  0701                     l955:
   863                           
   864                           ;I2C.c: 23:     TRISCbits.TRISC4 = 1;
   865  0701  1607               	bsf	7,4	;volatile
   866  0702                     l72:
   867  0702  0008               	return
   868  0703                     __end_of_I2C_Master_Init:
   869                           
   870                           	psect	text3
   871  0703                     __ptext3:	
   872 ;; *************** function ___lldiv *****************
   873 ;; Defined at:
   874 ;;		line 5 in file "C:\Program Files\Microchip\xc8\v2.31\pic\sources\c90\common\__lldiv.c"
   875 ;; Parameters:    Size  Location     Type
   876 ;;  divisor         4    0[COMMON] unsigned long 
   877 ;;  dividend        4    4[COMMON] unsigned long 
   878 ;; Auto vars:     Size  Location     Type
   879 ;;  quotient        4    9[COMMON] unsigned long 
   880 ;;  counter         1   13[COMMON] unsigned char 
   881 ;; Return value:  Size  Location     Type
   882 ;;                  4    0[COMMON] unsigned long 
   883 ;; Registers used:
   884 ;;		wreg, status,2, status,0
   885 ;; Tracked objects:
   886 ;;		On entry : 0/0
   887 ;;		On exit  : 0/0
   888 ;;		Unchanged: 0/0
   889 ;; Data sizes:     COMMON   BANK0   BANK1   BANK3   BANK2
   890 ;;      Params:         8       0       0       0       0
   891 ;;      Locals:         5       0       0       0       0
   892 ;;      Temps:          1       0       0       0       0
   893 ;;      Totals:        14       0       0       0       0
   894 ;;Total ram usage:       14 bytes
   895 ;; Hardware stack levels used:    1
   896 ;; This function calls:
   897 ;;		Nothing
   898 ;; This function is called by:
   899 ;;		_I2C_Master_Init
   900 ;; This function uses a non-reentrant model
   901 ;;
   902                           
   903                           
   904                           ;psect for function ___lldiv
   905  0703                     ___lldiv:
   906  0703                     l921:	
   907                           ;incstack = 0
   908                           ; Regs used in ___lldiv: [wreg+status,2+status,0]
   909                           
   910  0703  3000               	movlw	0
   911  0704  00FC               	movwf	___lldiv@quotient+3
   912  0705  3000               	movlw	0
   913  0706  00FB               	movwf	___lldiv@quotient+2
   914  0707  3000               	movlw	0
   915  0708  00FA               	movwf	___lldiv@quotient+1
   916  0709  3000               	movlw	0
   917  070A  00F9               	movwf	___lldiv@quotient
   918  070B  0873               	movf	___lldiv@divisor+3,w
   919  070C  0472               	iorwf	___lldiv@divisor+2,w
   920  070D  0471               	iorwf	___lldiv@divisor+1,w
   921  070E  0470               	iorwf	___lldiv@divisor,w
   922  070F  1903               	skipnz
   923  0710  2F12               	goto	u211
   924  0711  2F13               	goto	u210
   925  0712                     u211:
   926  0712  2F60               	goto	l941
   927  0713                     u210:
   928  0713                     l923:
   929  0713  01FD               	clrf	___lldiv@counter
   930  0714  0AFD               	incf	___lldiv@counter,f
   931  0715  2F23               	goto	l927
   932  0716                     l925:
   933  0716  3001               	movlw	1
   934  0717  00F8               	movwf	??___lldiv
   935  0718                     u225:
   936  0718  1003               	clrc
   937  0719  0DF0               	rlf	___lldiv@divisor,f
   938  071A  0DF1               	rlf	___lldiv@divisor+1,f
   939  071B  0DF2               	rlf	___lldiv@divisor+2,f
   940  071C  0DF3               	rlf	___lldiv@divisor+3,f
   941  071D  0BF8               	decfsz	??___lldiv,f
   942  071E  2F18               	goto	u225
   943  071F  3001               	movlw	1
   944  0720  00F8               	movwf	??___lldiv
   945  0721  0878               	movf	??___lldiv,w
   946  0722  07FD               	addwf	___lldiv@counter,f
   947  0723                     l927:
   948  0723  1FF3               	btfss	___lldiv@divisor+3,7
   949  0724  2F26               	goto	u231
   950  0725  2F27               	goto	u230
   951  0726                     u231:
   952  0726  2F16               	goto	l925
   953  0727                     u230:
   954  0727                     l929:
   955  0727  3001               	movlw	1
   956  0728  00F8               	movwf	??___lldiv
   957  0729                     u245:
   958  0729  1003               	clrc
   959  072A  0DF9               	rlf	___lldiv@quotient,f
   960  072B  0DFA               	rlf	___lldiv@quotient+1,f
   961  072C  0DFB               	rlf	___lldiv@quotient+2,f
   962  072D  0DFC               	rlf	___lldiv@quotient+3,f
   963  072E  0BF8               	decfsz	??___lldiv,f
   964  072F  2F29               	goto	u245
   965  0730                     l931:
   966  0730  0873               	movf	___lldiv@divisor+3,w
   967  0731  0277               	subwf	___lldiv@dividend+3,w
   968  0732  1D03               	skipz
   969  0733  2F3E               	goto	u255
   970  0734  0872               	movf	___lldiv@divisor+2,w
   971  0735  0276               	subwf	___lldiv@dividend+2,w
   972  0736  1D03               	skipz
   973  0737  2F3E               	goto	u255
   974  0738  0871               	movf	___lldiv@divisor+1,w
   975  0739  0275               	subwf	___lldiv@dividend+1,w
   976  073A  1D03               	skipz
   977  073B  2F3E               	goto	u255
   978  073C  0870               	movf	___lldiv@divisor,w
   979  073D  0274               	subwf	___lldiv@dividend,w
   980  073E                     u255:
   981  073E  1C03               	skipc
   982  073F  2F41               	goto	u251
   983  0740  2F42               	goto	u250
   984  0741                     u251:
   985  0741  2F51               	goto	l937
   986  0742                     u250:
   987  0742                     l933:
   988  0742  0870               	movf	___lldiv@divisor,w
   989  0743  02F4               	subwf	___lldiv@dividend,f
   990  0744  0871               	movf	___lldiv@divisor+1,w
   991  0745  1C03               	skipc
   992  0746  0F71               	incfsz	___lldiv@divisor+1,w
   993  0747  02F5               	subwf	___lldiv@dividend+1,f
   994  0748  0872               	movf	___lldiv@divisor+2,w
   995  0749  1C03               	skipc
   996  074A  0F72               	incfsz	___lldiv@divisor+2,w
   997  074B  02F6               	subwf	___lldiv@dividend+2,f
   998  074C  0873               	movf	___lldiv@divisor+3,w
   999  074D  1C03               	skipc
  1000  074E  0F73               	incfsz	___lldiv@divisor+3,w
  1001  074F  02F7               	subwf	___lldiv@dividend+3,f
  1002  0750                     l935:
  1003  0750  1479               	bsf	___lldiv@quotient,0
  1004  0751                     l937:
  1005  0751  3001               	movlw	1
  1006  0752                     u265:
  1007  0752  1003               	clrc
  1008  0753  0CF3               	rrf	___lldiv@divisor+3,f
  1009  0754  0CF2               	rrf	___lldiv@divisor+2,f
  1010  0755  0CF1               	rrf	___lldiv@divisor+1,f
  1011  0756  0CF0               	rrf	___lldiv@divisor,f
  1012  0757  3EFF               	addlw	-1
  1013  0758  1D03               	skipz
  1014  0759  2F52               	goto	u265
  1015  075A                     l939:
  1016  075A  3001               	movlw	1
  1017  075B  02FD               	subwf	___lldiv@counter,f
  1018  075C  1D03               	btfss	3,2
  1019  075D  2F5F               	goto	u271
  1020  075E  2F60               	goto	u270
  1021  075F                     u271:
  1022  075F  2F27               	goto	l929
  1023  0760                     u270:
  1024  0760                     l941:
  1025  0760  087C               	movf	___lldiv@quotient+3,w
  1026  0761  00F3               	movwf	?___lldiv+3
  1027  0762  087B               	movf	___lldiv@quotient+2,w
  1028  0763  00F2               	movwf	?___lldiv+2
  1029  0764  087A               	movf	___lldiv@quotient+1,w
  1030  0765  00F1               	movwf	?___lldiv+1
  1031  0766  0879               	movf	___lldiv@quotient,w
  1032  0767  00F0               	movwf	?___lldiv
  1033  0768                     l263:
  1034  0768  0008               	return
  1035  0769                     __end_of___lldiv:
  1036                           
  1037                           	psect	text4
  1038  0665                     __ptext4:	
  1039 ;; *************** function _I2C_Master_Write *****************
  1040 ;; Defined at:
  1041 ;;		line 65 in file "I2C.c"
  1042 ;; Parameters:    Size  Location     Type
  1043 ;;  d               2    0[COMMON] unsigned int 
  1044 ;; Auto vars:     Size  Location     Type
  1045 ;;		None
  1046 ;; Return value:  Size  Location     Type
  1047 ;;                  1    wreg      void 
  1048 ;; Registers used:
  1049 ;;		wreg, status,2, status,0, pclath, cstack
  1050 ;; Tracked objects:
  1051 ;;		On entry : 0/0
  1052 ;;		On exit  : 0/0
  1053 ;;		Unchanged: 0/0
  1054 ;; Data sizes:     COMMON   BANK0   BANK1   BANK3   BANK2
  1055 ;;      Params:         2       0       0       0       0
  1056 ;;      Locals:         0       0       0       0       0
  1057 ;;      Temps:          0       0       0       0       0
  1058 ;;      Totals:         2       0       0       0       0
  1059 ;;Total ram usage:        2 bytes
  1060 ;; Hardware stack levels used:    1
  1061 ;; Hardware stack levels required when called:    1
  1062 ;; This function calls:
  1063 ;;		_I2C_Master_Wait
  1064 ;; This function is called by:
  1065 ;;		_main
  1066 ;; This function uses a non-reentrant model
  1067 ;;
  1068                           
  1069                           
  1070                           ;psect for function _I2C_Master_Write
  1071  0665                     _I2C_Master_Write:
  1072  0665                     l971:	
  1073                           ;incstack = 0
  1074                           ; Regs used in _I2C_Master_Write: [wreg+status,2+status,0+pclath+cstack]
  1075                           
  1076                           
  1077                           ;I2C.c: 65: void I2C_Master_Write(unsigned d);I2C.c: 66: {;I2C.c: 67:     I2C_Master_Wai
      +                          t();
  1078  0665  120A  118A  266F  120A  118A  	fcall	_I2C_Master_Wait
  1079  066A                     l973:
  1080                           
  1081                           ;I2C.c: 68:     SSPBUF = d;
  1082  066A  0870               	movf	I2C_Master_Write@d,w
  1083  066B  1283               	bcf	3,5	;RP0=0, select bank0
  1084  066C  1303               	bcf	3,6	;RP1=0, select bank0
  1085  066D  0093               	movwf	19	;volatile
  1086  066E                     l90:
  1087  066E  0008               	return
  1088  066F                     __end_of_I2C_Master_Write:
  1089                           
  1090                           	psect	text5
  1091  065C                     __ptext5:	
  1092 ;; *************** function _I2C_Master_Stop *****************
  1093 ;; Defined at:
  1094 ;;		line 55 in file "I2C.c"
  1095 ;; Parameters:    Size  Location     Type
  1096 ;;		None
  1097 ;; Auto vars:     Size  Location     Type
  1098 ;;		None
  1099 ;; Return value:  Size  Location     Type
  1100 ;;                  1    wreg      void 
  1101 ;; Registers used:
  1102 ;;		wreg, status,2, status,0, pclath, cstack
  1103 ;; Tracked objects:
  1104 ;;		On entry : 0/0
  1105 ;;		On exit  : 0/0
  1106 ;;		Unchanged: 0/0
  1107 ;; Data sizes:     COMMON   BANK0   BANK1   BANK3   BANK2
  1108 ;;      Params:         0       0       0       0       0
  1109 ;;      Locals:         0       0       0       0       0
  1110 ;;      Temps:          0       0       0       0       0
  1111 ;;      Totals:         0       0       0       0       0
  1112 ;;Total ram usage:        0 bytes
  1113 ;; Hardware stack levels used:    1
  1114 ;; Hardware stack levels required when called:    1
  1115 ;; This function calls:
  1116 ;;		_I2C_Master_Wait
  1117 ;; This function is called by:
  1118 ;;		_main
  1119 ;; This function uses a non-reentrant model
  1120 ;;
  1121                           
  1122                           
  1123                           ;psect for function _I2C_Master_Stop
  1124  065C                     _I2C_Master_Stop:
  1125  065C                     l811:	
  1126                           ;incstack = 0
  1127                           ; Regs used in _I2C_Master_Stop: [wreg+status,2+status,0+pclath+cstack]
  1128                           
  1129                           
  1130                           ;I2C.c: 57:     I2C_Master_Wait();
  1131  065C  120A  118A  266F  120A  118A  	fcall	_I2C_Master_Wait
  1132  0661                     l813:
  1133                           
  1134                           ;I2C.c: 58:     SSPCON2bits.PEN = 1;
  1135  0661  1683               	bsf	3,5	;RP0=1, select bank1
  1136  0662  1303               	bcf	3,6	;RP1=0, select bank1
  1137  0663  1511               	bsf	17,2	;volatile
  1138  0664                     l87:
  1139  0664  0008               	return
  1140  0665                     __end_of_I2C_Master_Stop:
  1141                           
  1142                           	psect	text6
  1143  0653                     __ptext6:	
  1144 ;; *************** function _I2C_Master_Start *****************
  1145 ;; Defined at:
  1146 ;;		line 39 in file "I2C.c"
  1147 ;; Parameters:    Size  Location     Type
  1148 ;;		None
  1149 ;; Auto vars:     Size  Location     Type
  1150 ;;		None
  1151 ;; Return value:  Size  Location     Type
  1152 ;;                  1    wreg      void 
  1153 ;; Registers used:
  1154 ;;		wreg, status,2, status,0, pclath, cstack
  1155 ;; Tracked objects:
  1156 ;;		On entry : 0/0
  1157 ;;		On exit  : 0/0
  1158 ;;		Unchanged: 0/0
  1159 ;; Data sizes:     COMMON   BANK0   BANK1   BANK3   BANK2
  1160 ;;      Params:         0       0       0       0       0
  1161 ;;      Locals:         0       0       0       0       0
  1162 ;;      Temps:          0       0       0       0       0
  1163 ;;      Totals:         0       0       0       0       0
  1164 ;;Total ram usage:        0 bytes
  1165 ;; Hardware stack levels used:    1
  1166 ;; Hardware stack levels required when called:    1
  1167 ;; This function calls:
  1168 ;;		_I2C_Master_Wait
  1169 ;; This function is called by:
  1170 ;;		_main
  1171 ;; This function uses a non-reentrant model
  1172 ;;
  1173                           
  1174                           
  1175                           ;psect for function _I2C_Master_Start
  1176  0653                     _I2C_Master_Start:
  1177  0653                     l787:	
  1178                           ;incstack = 0
  1179                           ; Regs used in _I2C_Master_Start: [wreg+status,2+status,0+pclath+cstack]
  1180                           
  1181                           
  1182                           ;I2C.c: 41:     I2C_Master_Wait();
  1183  0653  120A  118A  266F  120A  118A  	fcall	_I2C_Master_Wait
  1184  0658                     l789:
  1185                           
  1186                           ;I2C.c: 42:     SSPCON2bits.SEN = 1;
  1187  0658  1683               	bsf	3,5	;RP0=1, select bank1
  1188  0659  1303               	bcf	3,6	;RP1=0, select bank1
  1189  065A  1411               	bsf	17,0	;volatile
  1190  065B                     l81:
  1191  065B  0008               	return
  1192  065C                     __end_of_I2C_Master_Start:
  1193                           
  1194                           	psect	text7
  1195  069D                     __ptext7:	
  1196 ;; *************** function _I2C_Master_Read *****************
  1197 ;; Defined at:
  1198 ;;		line 74 in file "I2C.c"
  1199 ;; Parameters:    Size  Location     Type
  1200 ;;  a               2    0[COMMON] unsigned short 
  1201 ;; Auto vars:     Size  Location     Type
  1202 ;;  temp            2    4[COMMON] unsigned short 
  1203 ;; Return value:  Size  Location     Type
  1204 ;;                  2    0[COMMON] unsigned short 
  1205 ;; Registers used:
  1206 ;;		wreg, status,2, status,0, pclath, cstack
  1207 ;; Tracked objects:
  1208 ;;		On entry : 0/0
  1209 ;;		On exit  : 0/0
  1210 ;;		Unchanged: 0/0
  1211 ;; Data sizes:     COMMON   BANK0   BANK1   BANK3   BANK2
  1212 ;;      Params:         2       0       0       0       0
  1213 ;;      Locals:         2       0       0       0       0
  1214 ;;      Temps:          2       0       0       0       0
  1215 ;;      Totals:         6       0       0       0       0
  1216 ;;Total ram usage:        6 bytes
  1217 ;; Hardware stack levels used:    1
  1218 ;; Hardware stack levels required when called:    1
  1219 ;; This function calls:
  1220 ;;		_I2C_Master_Wait
  1221 ;; This function is called by:
  1222 ;;		_main
  1223 ;; This function uses a non-reentrant model
  1224 ;;
  1225                           
  1226                           
  1227                           ;psect for function _I2C_Master_Read
  1228  069D                     _I2C_Master_Read:
  1229  069D                     l975:	
  1230                           ;incstack = 0
  1231                           ; Regs used in _I2C_Master_Read: [wreg+status,2+status,0+pclath+cstack]
  1232                           
  1233                           
  1234                           ;I2C.c: 74: unsigned short I2C_Master_Read(unsigned short a);I2C.c: 75: {;I2C.c: 76:    
      +                           unsigned short temp;;I2C.c: 77:     I2C_Master_Wait();
  1235  069D  120A  118A  266F  120A  118A  	fcall	_I2C_Master_Wait
  1236  06A2                     l977:
  1237                           
  1238                           ;I2C.c: 78:     SSPCON2bits.RCEN = 1;
  1239  06A2  1683               	bsf	3,5	;RP0=1, select bank1
  1240  06A3  1303               	bcf	3,6	;RP1=0, select bank1
  1241  06A4  1591               	bsf	17,3	;volatile
  1242                           
  1243                           ;I2C.c: 79:     I2C_Master_Wait();
  1244  06A5  120A  118A  266F  120A  118A  	fcall	_I2C_Master_Wait
  1245  06AA                     l979:
  1246                           
  1247                           ;I2C.c: 80:     temp = SSPBUF;
  1248  06AA  1283               	bcf	3,5	;RP0=0, select bank0
  1249  06AB  1303               	bcf	3,6	;RP1=0, select bank0
  1250  06AC  0813               	movf	19,w	;volatile
  1251  06AD  00F2               	movwf	??_I2C_Master_Read
  1252  06AE  01F3               	clrf	??_I2C_Master_Read+1
  1253  06AF  0872               	movf	??_I2C_Master_Read,w
  1254  06B0  00F4               	movwf	I2C_Master_Read@temp
  1255  06B1  0873               	movf	??_I2C_Master_Read+1,w
  1256  06B2  00F5               	movwf	I2C_Master_Read@temp+1
  1257  06B3                     l981:
  1258                           
  1259                           ;I2C.c: 81:     I2C_Master_Wait();
  1260  06B3  120A  118A  266F  120A  118A  	fcall	_I2C_Master_Wait
  1261  06B8                     l983:
  1262                           
  1263                           ;I2C.c: 82:     if(a == 1){
  1264  06B8  0370               	decf	I2C_Master_Read@a,w
  1265  06B9  0471               	iorwf	I2C_Master_Read@a+1,w
  1266  06BA  1D03               	btfss	3,2
  1267  06BB  2EBD               	goto	u291
  1268  06BC  2EBE               	goto	u290
  1269  06BD                     u291:
  1270  06BD  2EC2               	goto	l93
  1271  06BE                     u290:
  1272  06BE                     l985:
  1273                           
  1274                           ;I2C.c: 83:         SSPCON2bits.ACKDT = 0;
  1275  06BE  1683               	bsf	3,5	;RP0=1, select bank1
  1276  06BF  1303               	bcf	3,6	;RP1=0, select bank1
  1277  06C0  1291               	bcf	17,5	;volatile
  1278                           
  1279                           ;I2C.c: 84:     }else{
  1280  06C1  2EC5               	goto	l94
  1281  06C2                     l93:
  1282                           
  1283                           ;I2C.c: 85:         SSPCON2bits.ACKDT = 1;
  1284  06C2  1683               	bsf	3,5	;RP0=1, select bank1
  1285  06C3  1303               	bcf	3,6	;RP1=0, select bank1
  1286  06C4  1691               	bsf	17,5	;volatile
  1287  06C5                     l94:	
  1288                           ;I2C.c: 86:     }
  1289                           
  1290                           
  1291                           ;I2C.c: 87:     SSPCON2bits.ACKEN = 1;
  1292  06C5  1611               	bsf	17,4	;volatile
  1293  06C6                     l987:
  1294                           
  1295                           ;I2C.c: 88:     return temp;
  1296  06C6  0875               	movf	I2C_Master_Read@temp+1,w
  1297  06C7  00F1               	movwf	?_I2C_Master_Read+1
  1298  06C8  0874               	movf	I2C_Master_Read@temp,w
  1299  06C9  00F0               	movwf	?_I2C_Master_Read
  1300  06CA                     l95:
  1301  06CA  0008               	return
  1302  06CB                     __end_of_I2C_Master_Read:
  1303                           
  1304                           	psect	text8
  1305  066F                     __ptext8:	
  1306 ;; *************** function _I2C_Master_Wait *****************
  1307 ;; Defined at:
  1308 ;;		line 32 in file "I2C.c"
  1309 ;; Parameters:    Size  Location     Type
  1310 ;;		None
  1311 ;; Auto vars:     Size  Location     Type
  1312 ;;		None
  1313 ;; Return value:  Size  Location     Type
  1314 ;;                  1    wreg      void 
  1315 ;; Registers used:
  1316 ;;		wreg, status,2
  1317 ;; Tracked objects:
  1318 ;;		On entry : 0/0
  1319 ;;		On exit  : 0/0
  1320 ;;		Unchanged: 0/0
  1321 ;; Data sizes:     COMMON   BANK0   BANK1   BANK3   BANK2
  1322 ;;      Params:         0       0       0       0       0
  1323 ;;      Locals:         0       0       0       0       0
  1324 ;;      Temps:          0       0       0       0       0
  1325 ;;      Totals:         0       0       0       0       0
  1326 ;;Total ram usage:        0 bytes
  1327 ;; Hardware stack levels used:    1
  1328 ;; This function calls:
  1329 ;;		Nothing
  1330 ;; This function is called by:
  1331 ;;		_I2C_Master_Start
  1332 ;;		_I2C_Master_Stop
  1333 ;;		_I2C_Master_Write
  1334 ;;		_I2C_Master_Read
  1335 ;;		_I2C_Master_RepeatedStart
  1336 ;; This function uses a non-reentrant model
  1337 ;;
  1338                           
  1339                           
  1340                           ;psect for function _I2C_Master_Wait
  1341  066F                     _I2C_Master_Wait:
  1342  066F                     l769:	
  1343                           ;incstack = 0
  1344                           ; Regs used in _I2C_Master_Wait: [wreg+status,2]
  1345                           
  1346  066F                     l75:	
  1347                           ;I2C.c: 34:     while ((SSPSTAT & 0x04) || (SSPCON2 & 0x1F));
  1348                           
  1349  066F  1683               	bsf	3,5	;RP0=1, select bank1
  1350  0670  1303               	bcf	3,6	;RP1=0, select bank1
  1351  0671  1914               	btfsc	20,2	;volatile
  1352  0672  2E74               	goto	u91
  1353  0673  2E75               	goto	u90
  1354  0674                     u91:
  1355  0674  2E6F               	goto	l75
  1356  0675                     u90:
  1357  0675                     l771:
  1358  0675  0811               	movf	17,w	;volatile
  1359  0676  391F               	andlw	31
  1360  0677  1D03               	btfss	3,2
  1361  0678  2E7A               	goto	u101
  1362  0679  2E7B               	goto	u100
  1363  067A                     u101:
  1364  067A  2E6F               	goto	l75
  1365  067B                     u100:
  1366  067B                     l78:
  1367  067B  0008               	return
  1368  067C                     __end_of_I2C_Master_Wait:
  1369  007E                     btemp	set	126	;btemp
  1370  007E                     wtemp0	set	126
  1371                           
  1372                           	psect	config
  1373                           
  1374                           ;Config register CONFIG1 @ 0x2007
  1375                           ;	Oscillator Selection bits
  1376                           ;	FOSC = INTRC_NOCLKOUT, INTOSCIO oscillator: I/O function on RA6/OSC2/CLKOUT pin, I/O f
      +                          unction on RA7/OSC1/CLKIN
  1377                           ;	Watchdog Timer Enable bit
  1378                           ;	WDTE = OFF, WDT disabled and can be enabled by SWDTEN bit of the WDTCON register
  1379                           ;	Power-up Timer Enable bit
  1380                           ;	PWRTE = OFF, PWRT disabled
  1381                           ;	RE3/MCLR pin function select bit
  1382                           ;	MCLRE = OFF, RE3/MCLR pin function is digital input, MCLR internally tied to VDD
  1383                           ;	Code Protection bit
  1384                           ;	CP = OFF, Program memory code protection is disabled
  1385                           ;	Data Code Protection bit
  1386                           ;	CPD = OFF, Data memory code protection is disabled
  1387                           ;	Brown Out Reset Selection bits
  1388                           ;	BOREN = OFF, BOR disabled
  1389                           ;	Internal External Switchover bit
  1390                           ;	IESO = OFF, Internal/External Switchover mode is disabled
  1391                           ;	Fail-Safe Clock Monitor Enabled bit
  1392                           ;	FCMEN = OFF, Fail-Safe Clock Monitor is disabled
  1393                           ;	Low Voltage Programming Enable bit
  1394                           ;	LVP = OFF, RB3 pin has digital I/O, HV on MCLR must be used for programming
  1395                           ;	In-Circuit Debugger Mode bit
  1396                           ;	DEBUG = 0x1, unprogrammed default
  1397  2007                     	org	8199
  1398  2007  20D4               	dw	8404
  1399                           
  1400                           ;Config register CONFIG2 @ 0x2008
  1401                           ;	Brown-out Reset Selection bit
  1402                           ;	BOR4V = BOR40V, Brown-out Reset set to 4.0V
  1403                           ;	Flash Program Memory Self Write Enable bits
  1404                           ;	WRT = OFF, Write protection off
  1405  2008                     	org	8200
  1406  2008  3FFF               	dw	16383

Data Sizes:
    Strings     0
    Constant    0
    Data        0
    BSS         1
    Persistent  0
    Stack       0

Auto Spaces:
    Space          Size  Autos    Used
    COMMON           14     14      14
    BANK0            80     11      12
    BANK1            80      0       0
    BANK3            96      0       0
    BANK2            96      0       0

Pointer List with Targets:

    None.

Critical Paths under _main in COMMON

    _I2C_Master_Init->___lldiv

Critical Paths under _main in BANK0

    _setup->_I2C_Master_Init

Critical Paths under _main in BANK1

    None.

Critical Paths under _main in BANK3

    None.

Critical Paths under _main in BANK2

    None.

Call Graph Tables:

 ---------------------------------------------------------------------------------
 (Depth) Function   	        Calls       Base Space   Used Autos Params    Refs
 ---------------------------------------------------------------------------------
 (0) _main                                                 3     3      0     935
                                              8 BANK0      3     3      0
                    _I2C_Master_Read
                   _I2C_Master_Start
                    _I2C_Master_Stop
                   _I2C_Master_Write
                              _setup
 ---------------------------------------------------------------------------------
 (1) _setup                                                0     0      0     412
                    _I2C_Master_Init
 ---------------------------------------------------------------------------------
 (2) _I2C_Master_Init                                      8     4      4     412
                                              0 BANK0      8     4      4
                            ___lldiv
 ---------------------------------------------------------------------------------
 (3) ___lldiv                                             14     6      8     314
                                              0 COMMON    14     6      8
 ---------------------------------------------------------------------------------
 (1) _I2C_Master_Write                                     2     0      2     326
                                              0 COMMON     2     0      2
                    _I2C_Master_Wait
 ---------------------------------------------------------------------------------
 (1) _I2C_Master_Stop                                      0     0      0       0
                    _I2C_Master_Wait
 ---------------------------------------------------------------------------------
 (1) _I2C_Master_Start                                     0     0      0       0
                    _I2C_Master_Wait
 ---------------------------------------------------------------------------------
 (1) _I2C_Master_Read                                      6     4      2     197
                                              0 COMMON     6     4      2
                    _I2C_Master_Wait
 ---------------------------------------------------------------------------------
 (2) _I2C_Master_Wait                                      0     0      0       0
 ---------------------------------------------------------------------------------
 Estimated maximum stack depth 3
 ---------------------------------------------------------------------------------

 Call Graph Graphs:

 _main (ROOT)
   _I2C_Master_Read
     _I2C_Master_Wait
   _I2C_Master_Start
     _I2C_Master_Wait
   _I2C_Master_Stop
     _I2C_Master_Wait
   _I2C_Master_Write
     _I2C_Master_Wait
   _setup
     _I2C_Master_Init
       ___lldiv

 Address spaces:
Name               Size   Autos  Total    Cost      Usage
BITCOMMON            E      0       0       0        0.0%
EEDATA             100      0       0       0        0.0%
NULL                 0      0       0       0        0.0%
CODE                 0      0       0       0        0.0%
COMMON               E      E       E       1      100.0%
BITSFR0              0      0       0       1        0.0%
SFR0                 0      0       0       1        0.0%
BITSFR1              0      0       0       2        0.0%
SFR1                 0      0       0       2        0.0%
STACK                0      0       0       2        0.0%
ABS                  0      0      1A       3        0.0%
BITBANK0            50      0       0       4        0.0%
BITSFR3              0      0       0       4        0.0%
SFR3                 0      0       0       4        0.0%
BANK0               50      B       C       5       15.0%
BITSFR2              0      0       0       5        0.0%
SFR2                 0      0       0       5        0.0%
BITBANK1            50      0       0       6        0.0%
BANK1               50      0       0       7        0.0%
BITBANK3            60      0       0       8        0.0%
BANK3               60      0       0       9        0.0%
BITBANK2            60      0       0      10        0.0%
BANK2               60      0       0      11        0.0%
DATA                 0      0      1A      12        0.0%


Microchip Technology PIC Macro Assembler V2.31 build 20201012212115 
Symbol Table                                                                                   Mon Aug 09 00:37:27 2021

                       l43 069C                         l37 076E                         l72 0702  
                       l81 065B                         l90 066E                         l75 066F  
                       l93 06C2                         l78 067B                         l94 06C5  
                       l95 06CA                         l87 0664                         u90 0675  
                       u91 0674                        l263 0768                        l811 065C  
                      l813 0661                        l921 0703                        l771 0675  
                      l931 0730                        l923 0713                        l933 0742  
                      l925 0716                        l941 0760                        l935 0750  
                      l927 0723                        l951 06FF                        l769 066F  
                      l937 0751                        l929 0727                        l953 0700  
                      l945 06CB                        l961 0686                        l787 0653  
                      l971 0665                        l939 075A                        l955 0701  
                      l947 06CF                        l963 0687                        l981 06B3  
                      l789 0658                        l973 066A                        l949 06D2  
                      l965 0688                        l957 067C                        l983 06B8  
                      l975 069D                        l967 068F                        l959 0685  
                      l991 0769                        l985 06BE                        l977 06A2  
                      l993 078D                        l987 06C6                        l979 06AA  
                      l995 079C                        _GIE 005F                        l997 07A1  
                      l999 07AA                        _RD3 0043                        u100 067B  
                      _RD4 0044                        u101 067A                        _RD5 0045  
                      _RD6 0046                        _RD7 0047                        u210 0713  
                      u211 0712                        u230 0727                        u231 0726  
                      u225 0718                        u250 0742                        u251 0741  
                      u307 0795                        u245 0729                        u317 07C0  
                      u270 0760                        u271 075F                        u255 073E  
                      u327 07EE                        u280 06E2                        u265 0752  
                      u290 06BE                        u291 06BD                        u285 06DD  
                     l1001 07B3                       l1003 07B8                       l1005 07E6  
                     _PEIE 005E                       _main 0769                       btemp 007E  
                     start 0000           ?_I2C_Master_Init 0020           ?_I2C_Master_Read 0070  
         ?_I2C_Master_Wait 0070           ?_I2C_Master_Stop 0070                      ?_main 0070  
          __end_of___lldiv 0769                      _PORTA 0005                      _PORTB 0006  
                    _PORTC 0007                      _PORTD 0008                      _TRISA 0085  
                    _TRISB 0086                      _SSPIE 0463                      _SSPIF 0063  
                    _setup 067C                      status 0003                      wtemp0 007E  
          __initialization 07F9               __end_of_main 07F9                     ??_main 0028  
        ?_I2C_Master_Start 0070          ?_I2C_Master_Write 0070         ??_I2C_Master_Start 0070  
       ??_I2C_Master_Write 0072                     ?_setup 0070                     _ANSELH 0189  
                   _SSPADD 0093                     _TRISC3 043B                     _TRISC4 043C  
                   _SSPCON 0014                     _SSPBUF 0013                  ??___lldiv 0078  
  __end_of__initialization 07FC             __pcstackCOMMON 0070              __end_of_setup 069D  
                  ??_setup 007E                 __pbssBANK0 002B                 __pmaintext 0769  
                  _SSPCON2 0091                    _SSPSTAT 0094                    ___lldiv 0703  
                  __ptext1 067C                    __ptext2 06CB                    __ptext3 0703  
                  __ptext4 0665                    __ptext5 065C                    __ptext6 0653  
                  __ptext7 069D                    __ptext8 066F   __size_of_I2C_Master_Init 0038  
 __size_of_I2C_Master_Read 002E   __size_of_I2C_Master_Wait 000D   __size_of_I2C_Master_Stop 0009  
                  _voltaje 002B       end_of_initialization 07FC  __size_of_I2C_Master_Start 0009  
__size_of_I2C_Master_Write 000A            ___lldiv@divisor 0070            ___lldiv@counter 007D  
         I2C_Master_Init@c 0020           I2C_Master_Read@a 0070                  _PORTDbits 0008  
                _TRISCbits 0087        start_initialization 07F9          ??_I2C_Master_Init 0024  
        ??_I2C_Master_Read 0072          ??_I2C_Master_Wait 0070          ??_I2C_Master_Stop 0070  
                ___latbits 0002              __pcstackBANK0 0020           _I2C_Master_Start 0653  
         _I2C_Master_Write 0665                   ?___lldiv 0070             __size_of_setup 0021  
      I2C_Master_Read@temp 0074           __size_of___lldiv 0066            _I2C_Master_Init 06CB  
          _I2C_Master_Read 069D            _I2C_Master_Wait 066F            _I2C_Master_Stop 065C  
            __size_of_main 0090   __end_of_I2C_Master_Start 065C   __end_of_I2C_Master_Write 066F  
         ___lldiv@dividend 0074                 _OSCCONbits 008F    __end_of_I2C_Master_Init 0703  
  __end_of_I2C_Master_Read 06CB    __end_of_I2C_Master_Wait 067C    __end_of_I2C_Master_Stop 0665  
         ___lldiv@quotient 0079          I2C_Master_Write@d 0070                _SSPCON2bits 0091  
